{"C:\\Users\\mubas\\Documents\\GitHub\\cohort-9-mern-16479-mubashir\\backend\\dist-test\\src\\app.js":{"path":"C:\\Users\\mubas\\Documents\\GitHub\\cohort-9-mern-16479-mubashir\\backend\\dist-test\\src\\app.js","statementMap":{"0":{"start":{"line":2,"column":22},"end":{"line":4,"column":1}},"1":{"start":{"line":3,"column":4},"end":{"line":3,"column":62}},"2":{"start":{"line":5,"column":0},"end":{"line":5,"column":62}},"3":{"start":{"line":6,"column":18},"end":{"line":6,"column":53}},"4":{"start":{"line":7,"column":15},"end":{"line":7,"column":47}},"5":{"start":{"line":8,"column":20},"end":{"line":8,"column":57}},"6":{"start":{"line":9,"column":17},"end":{"line":9,"column":60}},"7":{"start":{"line":10,"column":17},"end":{"line":10,"column":51}},"8":{"start":{"line":11,"column":22},"end":{"line":11,"column":70}},"9":{"start":{"line":12,"column":27},"end":{"line":12,"column":85}},"10":{"start":{"line":13,"column":23},"end":{"line":13,"column":72}},"11":{"start":{"line":14,"column":24},"end":{"line":14,"column":65}},"12":{"start":{"line":15,"column":12},"end":{"line":15,"column":36}},"13":{"start":{"line":16,"column":23},"end":{"line":16,"column":113}},"14":{"start":{"line":16,"column":83},"end":{"line":16,"column":96}},"15":{"start":{"line":17,"column":21},"end":{"line":17,"column":58}},"16":{"start":{"line":18,"column":0},"end":{"line":20,"column":1}},"17":{"start":{"line":19,"column":4},"end":{"line":19,"column":83}},"18":{"start":{"line":21,"column":20},"end":{"line":35,"column":1}},"19":{"start":{"line":23,"column":8},"end":{"line":25,"column":9}},"20":{"start":{"line":24,"column":12},"end":{"line":24,"column":40}},"21":{"start":{"line":26,"column":8},"end":{"line":28,"column":9}},"22":{"start":{"line":27,"column":12},"end":{"line":27,"column":40}},"23":{"start":{"line":29,"column":8},"end":{"line":31,"column":9}},"24":{"start":{"line":30,"column":12},"end":{"line":30,"column":40}},"25":{"start":{"line":32,"column":8},"end":{"line":32,"column":75}},"26":{"start":{"line":36,"column":0},"end":{"line":36,"column":33}},"27":{"start":{"line":37,"column":0},"end":{"line":37,"column":42}},"28":{"start":{"line":38,"column":0},"end":{"line":38,"column":34}},"29":{"start":{"line":39,"column":0},"end":{"line":39,"column":64}},"30":{"start":{"line":40,"column":0},"end":{"line":40,"column":40}},"31":{"start":{"line":41,"column":0},"end":{"line":43,"column":3}},"32":{"start":{"line":42,"column":4},"end":{"line":42,"column":43}},"33":{"start":{"line":44,"column":0},"end":{"line":44,"column":44}},"34":{"start":{"line":45,"column":0},"end":{"line":45,"column":46}},"35":{"start":{"line":46,"column":0},"end":{"line":46,"column":36}},"36":{"start":{"line":47,"column":0},"end":{"line":47,"column":22}}},"fnMap":{"0":{"name":"(anonymous_0)","decl":{"start":{"line":2,"column":56},"end":{"line":2,"column":57}},"loc":{"start":{"line":2,"column":71},"end":{"line":4,"column":1}},"line":2},"1":{"name":"(anonymous_1)","decl":{"start":{"line":16,"column":71},"end":{"line":16,"column":72}},"loc":{"start":{"line":16,"column":83},"end":{"line":16,"column":96}},"line":16},"2":{"name":"(anonymous_2)","decl":{"start":{"line":22,"column":12},"end":{"line":22,"column":13}},"loc":{"start":{"line":22,"column":34},"end":{"line":33,"column":5}},"line":22},"3":{"name":"(anonymous_3)","decl":{"start":{"line":41,"column":19},"end":{"line":41,"column":20}},"loc":{"start":{"line":41,"column":33},"end":{"line":43,"column":1}},"line":41}},"branchMap":{"0":{"loc":{"start":{"line":2,"column":22},"end":{"line":4,"column":1}},"type":"binary-expr","locations":[{"start":{"line":2,"column":23},"end":{"line":2,"column":27}},{"start":{"line":2,"column":31},"end":{"line":2,"column":51}},{"start":{"line":2,"column":56},"end":{"line":4,"column":1}}],"line":2},"1":{"loc":{"start":{"line":3,"column":11},"end":{"line":3,"column":61}},"type":"cond-expr","locations":[{"start":{"line":3,"column":37},"end":{"line":3,"column":40}},{"start":{"line":3,"column":43},"end":{"line":3,"column":61}}],"line":3},"2":{"loc":{"start":{"line":3,"column":12},"end":{"line":3,"column":33}},"type":"binary-expr","locations":[{"start":{"line":3,"column":12},"end":{"line":3,"column":15}},{"start":{"line":3,"column":19},"end":{"line":3,"column":33}}],"line":3},"3":{"loc":{"start":{"line":16,"column":24},"end":{"line":16,"column":54}},"type":"binary-expr","locations":[{"start":{"line":16,"column":24},"end":{"line":16,"column":48}},{"start":{"line":16,"column":52},"end":{"line":16,"column":54}}],"line":16},"4":{"loc":{"start":{"line":18,"column":0},"end":{"line":20,"column":1}},"type":"if","locations":[{"start":{"line":18,"column":0},"end":{"line":20,"column":1}},{"start":{},"end":{}}],"line":18},"5":{"loc":{"start":{"line":18,"column":4},"end":{"line":18,"column":47}},"type":"binary-expr","locations":[{"start":{"line":18,"column":4},"end":{"line":18,"column":16}},{"start":{"line":18,"column":20},"end":{"line":18,"column":47}}],"line":18},"6":{"loc":{"start":{"line":23,"column":8},"end":{"line":25,"column":9}},"type":"if","locations":[{"start":{"line":23,"column":8},"end":{"line":25,"column":9}},{"start":{},"end":{}}],"line":23},"7":{"loc":{"start":{"line":26,"column":8},"end":{"line":28,"column":9}},"type":"if","locations":[{"start":{"line":26,"column":8},"end":{"line":28,"column":9}},{"start":{},"end":{}}],"line":26},"8":{"loc":{"start":{"line":26,"column":12},"end":{"line":26,"column":55}},"type":"binary-expr","locations":[{"start":{"line":26,"column":12},"end":{"line":26,"column":24}},{"start":{"line":26,"column":28},"end":{"line":26,"column":55}}],"line":26},"9":{"loc":{"start":{"line":29,"column":8},"end":{"line":31,"column":9}},"type":"if","locations":[{"start":{"line":29,"column":8},"end":{"line":31,"column":9}},{"start":{},"end":{}}],"line":29}},"s":{"0":1,"1":9,"2":1,"3":1,"4":1,"5":1,"6":1,"7":1,"8":1,"9":1,"10":1,"11":1,"12":1,"13":1,"14":1,"15":1,"16":1,"17":0,"18":1,"19":25,"20":25,"21":0,"22":0,"23":0,"24":0,"25":0,"26":1,"27":1,"28":1,"29":1,"30":1,"31":1,"32":0,"33":1,"34":1,"35":1,"36":1},"f":{"0":9,"1":1,"2":25,"3":0},"b":{"0":[1,1,1],"1":[4,5],"2":[9,9],"3":[1,1],"4":[0,1],"5":[1,0],"6":[25,0],"7":[0,0],"8":[0,0],"9":[0,0]},"inputSourceMap":{"version":3,"file":"app.js","sourceRoot":"","sources":["../../src/app.ts"],"names":[],"mappings":";;;;;AAAA,sDAA8C;AAC9C,gDAAsC;AACtC,0DAAkC;AAClC,6DAAqC;AACrC,oDAA4B;AAC5B,uEAA8C;AAC9C,sFAA6D;AAC7D,yEAAgD;AAChD,kEAAyC;AAGzC,MAAM,GAAG,GAAgB,IAAA,iBAAO,GAAE,CAAC;AAGnC,MAAM,cAAc,GAAG,CAAC,OAAO,CAAC,GAAG,CAAC,YAAY,IAAI,EAAE,CAAC,CAAC,KAAK,CAAC,GAAG,CAAC,CAAC,GAAG,CAAC,CAAC,MAAM,EAAC,EAAE,CAAC,MAAM,CAAC,IAAI,EAAE,CAAC,CAAC,MAAM,CAAC,OAAO,CAAC,CAAC;AAEjH,MAAM,YAAY,GAAG,OAAO,CAAC,GAAG,CAAC,QAAQ,KAAK,YAAY,CAAC;AAE3D,IAAI,YAAY,IAAI,cAAc,CAAC,MAAM,KAAK,CAAC,EAAE,CAAC;IAChD,MAAM,IAAI,KAAK,CAAC,6DAA6D,CAAC,CAAC;AACjF,CAAC;AAGD,MAAM,WAAW,GAAgB;IAC/B,MAAM,EAAE,CAAC,MAAM,EAAE,QAAQ,EAAC,EAAE;QAC1B,IAAI,CAAC,MAAM,EAAC,CAAC;YACX,OAAO,QAAQ,CAAC,IAAI,EAAE,IAAI,CAAC,CAAC;QAC9B,CAAC;QACD,IAAI,YAAY,IAAI,cAAc,CAAC,MAAM,KAAK,CAAC,EAAC,CAAC;YAC/C,OAAO,QAAQ,CAAC,IAAI,EAAC,IAAI,CAAC,CAAC;QAC7B,CAAC;QACD,IAAI,cAAc,CAAC,QAAQ,CAAC,MAAM,CAAC,EAAC,CAAC;YACnC,OAAO,QAAQ,CAAC,IAAI,EAAC,IAAI,CAAC,CAAC;QAC7B,CAAC;QACD,OAAO,QAAQ,CAAC,IAAI,KAAK,CAAC,UAAU,MAAM,sBAAsB,CAAC,CAAC,CAAC;IACrE,CAAC;IACD,WAAW,EAAE,IAAI;CAClB,CAAA;AAED,GAAG,CAAC,GAAG,CAAC,IAAA,gBAAM,GAAE,CAAC,CAAC;AAClB,GAAG,CAAC,GAAG,CAAC,IAAA,cAAI,EAAC,WAAW,CAAC,CAAC,CAAC;AAC3B,GAAG,CAAC,GAAG,CAAC,iBAAO,CAAC,IAAI,EAAE,CAAC,CAAC;AACxB,GAAG,CAAC,GAAG,CAAC,IAAA,mBAAS,EAAC,EAAE,MAAM,EAAN,gBAAM,EAAE,CAAC,CAAC,CAAC;AAC/B,GAAG,CAAC,GAAG,CAAC,IAAA,uBAAY,GAAE,CAAC,CAAC;AAExB,GAAG,CAAC,GAAG,CAAC,SAAS,EAAE,CAAC,GAAG,EAAE,GAAG,EAAE,EAAE;IAC9B,GAAG,CAAC,MAAM,CAAC,GAAG,CAAC,CAAC,IAAI,CAAC,EAAE,MAAM,EAAE,IAAI,EAAE,CAAC,CAAC;AACzC,CAAC,CAAC,CAAC;AAEH,GAAG,CAAC,GAAG,CAAC,WAAW,EAAE,qBAAU,CAAC,CAAC;AACjC,GAAG,CAAC,GAAG,CAAC,YAAY,EAAE,sBAAW,CAAC,CAAC;AACnC,GAAG,CAAC,GAAG,CAAC,0BAAe,CAAC,CAAC;AAGzB,kBAAe,GAAG,CAAC"},"_coverageSchema":"1a1c01bbd47fc00a2c39e90264f33305004495a9","hash":"0be3546b60aa6838b7b438893bdec534e8d03df5"},"C:\\Users\\mubas\\Documents\\GitHub\\cohort-9-mern-16479-mubashir\\backend\\dist-test\\src\\config\\logger.js":{"path":"C:\\Users\\mubas\\Documents\\GitHub\\cohort-9-mern-16479-mubashir\\backend\\dist-test\\src\\config\\logger.js","statementMap":{"0":{"start":{"line":2,"column":22},"end":{"line":4,"column":1}},"1":{"start":{"line":3,"column":4},"end":{"line":3,"column":62}},"2":{"start":{"line":5,"column":0},"end":{"line":5,"column":62}},"3":{"start":{"line":6,"column":15},"end":{"line":6,"column":47}},"4":{"start":{"line":7,"column":22},"end":{"line":7,"column":60}},"5":{"start":{"line":8,"column":15},"end":{"line":8,"column":46}},"6":{"start":{"line":9,"column":15},"end":{"line":27,"column":2}},"7":{"start":{"line":28,"column":0},"end":{"line":28,"column":25}}},"fnMap":{"0":{"name":"(anonymous_0)","decl":{"start":{"line":2,"column":56},"end":{"line":2,"column":57}},"loc":{"start":{"line":2,"column":71},"end":{"line":4,"column":1}},"line":2}},"branchMap":{"0":{"loc":{"start":{"line":2,"column":22},"end":{"line":4,"column":1}},"type":"binary-expr","locations":[{"start":{"line":2,"column":23},"end":{"line":2,"column":27}},{"start":{"line":2,"column":31},"end":{"line":2,"column":51}},{"start":{"line":2,"column":56},"end":{"line":4,"column":1}}],"line":2},"1":{"loc":{"start":{"line":3,"column":11},"end":{"line":3,"column":61}},"type":"cond-expr","locations":[{"start":{"line":3,"column":37},"end":{"line":3,"column":40}},{"start":{"line":3,"column":43},"end":{"line":3,"column":61}}],"line":3},"2":{"loc":{"start":{"line":3,"column":12},"end":{"line":3,"column":33}},"type":"binary-expr","locations":[{"start":{"line":3,"column":12},"end":{"line":3,"column":15}},{"start":{"line":3,"column":19},"end":{"line":3,"column":33}}],"line":3},"3":{"loc":{"start":{"line":10,"column":11},"end":{"line":10,"column":63}},"type":"cond-expr","locations":[{"start":{"line":10,"column":20},"end":{"line":10,"column":28}},{"start":{"line":10,"column":31},"end":{"line":10,"column":63}}],"line":10},"4":{"loc":{"start":{"line":10,"column":31},"end":{"line":10,"column":63}},"type":"binary-expr","locations":[{"start":{"line":10,"column":31},"end":{"line":10,"column":52}},{"start":{"line":10,"column":56},"end":{"line":10,"column":63}}],"line":10},"5":{"loc":{"start":{"line":19,"column":15},"end":{"line":26,"column":17}},"type":"cond-expr","locations":[{"start":{"line":19,"column":31},"end":{"line":26,"column":5}},{"start":{"line":26,"column":8},"end":{"line":26,"column":17}}],"line":19}},"s":{"0":1,"1":1,"2":1,"3":1,"4":1,"5":1,"6":1,"7":1},"f":{"0":1},"b":{"0":[1,1,1],"1":[0,1],"2":[1,1],"3":[1,0],"4":[0,0],"5":[0,1]},"inputSourceMap":{"version":3,"file":"logger.js","sourceRoot":"","sources":["../../../src/config/logger.ts"],"names":[],"mappings":";;;;;AAAA,gDAAmC;AAEnC,MAAM,aAAa,GAAW,OAAO,CAAC,GAAG,CAAC,QAAQ,KAAK,aAAa,CAAC;AACrE,MAAM,MAAM,GAAa,OAAO,CAAC,GAAG,CAAC,QAAQ,KAAK,MAAM,CAAC;AAEzD,MAAM,MAAM,GAAW,IAAA,cAAI,EAAC;IACxB,KAAK,EAAE,MAAM,CAAA,CAAC,CAAC,QAAQ,CAAC,CAAC,CAAC,OAAO,CAAC,GAAG,CAAC,SAAS,IAAI,OAAO;IAC1D,MAAM,EAAE;QACJ,KAAK,EAAE;YACH,oBAAoB;YACpB,2BAA2B;YAC3B,2BAA2B;SAC9B;QACD,MAAM,EAAE,YAAY;KACvB;IACD,SAAS,EAAE,aAAa,CAAC,CAAC,CAAC;QACvB,MAAM,EAAE,aAAa;QACrB,OAAO,EAAE;YACL,QAAQ,EAAE,IAAI;YACd,aAAa,EAAE,UAAU;YACzB,MAAM,EAAE,cAAc;SACzB;KACJ,CAAA,CAAC,CAAC,SAAS;CACf,CAAC,CAAC;AAEH,kBAAe,MAAM,CAAC"},"_coverageSchema":"1a1c01bbd47fc00a2c39e90264f33305004495a9","hash":"845a781760b059273188dae0b359fabfc81b2e25"},"C:\\Users\\mubas\\Documents\\GitHub\\cohort-9-mern-16479-mubashir\\backend\\dist-test\\src\\routes\\auth.routes.js":{"path":"C:\\Users\\mubas\\Documents\\GitHub\\cohort-9-mern-16479-mubashir\\backend\\dist-test\\src\\routes\\auth.routes.js","statementMap":{"0":{"start":{"line":2,"column":22},"end":{"line":4,"column":1}},"1":{"start":{"line":3,"column":4},"end":{"line":3,"column":62}},"2":{"start":{"line":5,"column":0},"end":{"line":5,"column":62}},"3":{"start":{"line":6,"column":18},"end":{"line":6,"column":53}},"4":{"start":{"line":7,"column":26},"end":{"line":7,"column":84}},"5":{"start":{"line":8,"column":26},"end":{"line":8,"column":84}},"6":{"start":{"line":9,"column":33},"end":{"line":9,"column":98}},"7":{"start":{"line":10,"column":15},"end":{"line":10,"column":41}},"8":{"start":{"line":11,"column":0},"end":{"line":11,"column":91}},"9":{"start":{"line":12,"column":0},"end":{"line":12,"column":89}},"10":{"start":{"line":13,"column":0},"end":{"line":13,"column":57}},"11":{"start":{"line":14,"column":0},"end":{"line":14,"column":78}},"12":{"start":{"line":15,"column":0},"end":{"line":15,"column":25}}},"fnMap":{"0":{"name":"(anonymous_0)","decl":{"start":{"line":2,"column":56},"end":{"line":2,"column":57}},"loc":{"start":{"line":2,"column":71},"end":{"line":4,"column":1}},"line":2}},"branchMap":{"0":{"loc":{"start":{"line":2,"column":22},"end":{"line":4,"column":1}},"type":"binary-expr","locations":[{"start":{"line":2,"column":23},"end":{"line":2,"column":27}},{"start":{"line":2,"column":31},"end":{"line":2,"column":51}},{"start":{"line":2,"column":56},"end":{"line":4,"column":1}}],"line":2},"1":{"loc":{"start":{"line":3,"column":11},"end":{"line":3,"column":61}},"type":"cond-expr","locations":[{"start":{"line":3,"column":37},"end":{"line":3,"column":40}},{"start":{"line":3,"column":43},"end":{"line":3,"column":61}}],"line":3},"2":{"loc":{"start":{"line":3,"column":12},"end":{"line":3,"column":33}},"type":"binary-expr","locations":[{"start":{"line":3,"column":12},"end":{"line":3,"column":15}},{"start":{"line":3,"column":19},"end":{"line":3,"column":33}}],"line":3}},"s":{"0":1,"1":4,"2":1,"3":1,"4":1,"5":1,"6":1,"7":1,"8":1,"9":1,"10":1,"11":1,"12":1},"f":{"0":4},"b":{"0":[1,1,1],"1":[3,1],"2":[4,4]},"inputSourceMap":{"version":3,"file":"auth.routes.js","sourceRoot":"","sources":["../../../src/routes/auth.routes.ts"],"names":[],"mappings":";;;;;AAAA,sDAAwC;AACxC,qFAA4D;AAC5D,qFAAyD;AACzD,mGAAoE;AAEpE,MAAM,MAAM,GAAW,iBAAO,CAAC,MAAM,EAAE,CAAC;AAGxC,MAAM,CAAC,IAAI,CAAC,SAAS,EAAE,gCAAe,EAAE,yBAAc,CAAC,MAAM,CAAC,CAAC;AAC/D,MAAM,CAAC,IAAI,CAAC,QAAQ,EAAE,gCAAe,EAAE,yBAAc,CAAC,KAAK,CAAC,CAAC;AAC7D,MAAM,CAAC,IAAI,CAAC,SAAS,EAAE,yBAAc,CAAC,MAAM,CAAC,CAAC;AAC9C,MAAM,CAAC,GAAG,CAAC,KAAK,EAAE,yBAAW,EAAE,yBAAc,CAAC,KAAK,CAAC,CAAC;AAErD,kBAAe,MAAM,CAAC"},"_coverageSchema":"1a1c01bbd47fc00a2c39e90264f33305004495a9","hash":"a3946ed6e6283881becffbc8860d033b804fd6a7"},"C:\\Users\\mubas\\Documents\\GitHub\\cohort-9-mern-16479-mubashir\\backend\\dist-test\\src\\controllers\\auth.controller.js":{"path":"C:\\Users\\mubas\\Documents\\GitHub\\cohort-9-mern-16479-mubashir\\backend\\dist-test\\src\\controllers\\auth.controller.js","statementMap":{"0":{"start":{"line":2,"column":22},"end":{"line":4,"column":1}},"1":{"start":{"line":3,"column":4},"end":{"line":3,"column":62}},"2":{"start":{"line":5,"column":0},"end":{"line":5,"column":62}},"3":{"start":{"line":6,"column":23},"end":{"line":6,"column":75}},"4":{"start":{"line":7,"column":23},"end":{"line":7,"column":72}},"5":{"start":{"line":8,"column":13},"end":{"line":8,"column":43}},"6":{"start":{"line":9,"column":25},"end":{"line":9,"column":64}},"7":{"start":{"line":10,"column":23},"end":{"line":10,"column":72}},"8":{"start":{"line":11,"column":17},"end":{"line":11,"column":60}},"9":{"start":{"line":12,"column":21},"end":{"line":12,"column":58}},"10":{"start":{"line":14,"column":19},"end":{"line":14,"column":53}},"11":{"start":{"line":15,"column":4},"end":{"line":20,"column":7}},"12":{"start":{"line":22,"column":15},"end":{"line":35,"column":2}},"13":{"start":{"line":23,"column":38},"end":{"line":23,"column":106}},"14":{"start":{"line":24,"column":4},"end":{"line":34,"column":5}},"15":{"start":{"line":25,"column":23},"end":{"line":25,"column":81}},"16":{"start":{"line":26,"column":8},"end":{"line":26,"column":42}},"17":{"start":{"line":27,"column":8},"end":{"line":27,"column":77}},"18":{"start":{"line":30,"column":8},"end":{"line":32,"column":9}},"19":{"start":{"line":31,"column":12},"end":{"line":31,"column":24}},"20":{"start":{"line":33,"column":8},"end":{"line":33,"column":74}},"21":{"start":{"line":36,"column":14},"end":{"line":49,"column":2}},"22":{"start":{"line":37,"column":32},"end":{"line":37,"column":99}},"23":{"start":{"line":38,"column":4},"end":{"line":48,"column":5}},"24":{"start":{"line":39,"column":23},"end":{"line":39,"column":74}},"25":{"start":{"line":40,"column":8},"end":{"line":40,"column":42}},"26":{"start":{"line":41,"column":8},"end":{"line":41,"column":77}},"27":{"start":{"line":44,"column":8},"end":{"line":46,"column":9}},"28":{"start":{"line":45,"column":12},"end":{"line":45,"column":24}},"29":{"start":{"line":47,"column":8},"end":{"line":47,"column":72}},"30":{"start":{"line":50,"column":15},"end":{"line":57,"column":2}},"31":{"start":{"line":51,"column":4},"end":{"line":55,"column":7}},"32":{"start":{"line":56,"column":4},"end":{"line":56,"column":90}},"33":{"start":{"line":58,"column":14},"end":{"line":69,"column":2}},"34":{"start":{"line":59,"column":4},"end":{"line":68,"column":5}},"35":{"start":{"line":60,"column":21},"end":{"line":60,"column":73}},"36":{"start":{"line":61,"column":8},"end":{"line":61,"column":129}},"37":{"start":{"line":64,"column":8},"end":{"line":66,"column":9}},"38":{"start":{"line":65,"column":12},"end":{"line":65,"column":24}},"39":{"start":{"line":67,"column":8},"end":{"line":67,"column":80}},"40":{"start":{"line":70,"column":0},"end":{"line":75,"column":2}}},"fnMap":{"0":{"name":"(anonymous_0)","decl":{"start":{"line":2,"column":56},"end":{"line":2,"column":57}},"loc":{"start":{"line":2,"column":71},"end":{"line":4,"column":1}},"line":2},"1":{"name":"setTokenCookie","decl":{"start":{"line":13,"column":9},"end":{"line":13,"column":23}},"loc":{"start":{"line":13,"column":36},"end":{"line":21,"column":1}},"line":13},"2":{"name":"(anonymous_2)","decl":{"start":{"line":22,"column":43},"end":{"line":22,"column":44}},"loc":{"start":{"line":22,"column":63},"end":{"line":35,"column":1}},"line":22},"3":{"name":"(anonymous_3)","decl":{"start":{"line":36,"column":42},"end":{"line":36,"column":43}},"loc":{"start":{"line":36,"column":62},"end":{"line":49,"column":1}},"line":36},"4":{"name":"(anonymous_4)","decl":{"start":{"line":50,"column":43},"end":{"line":50,"column":44}},"loc":{"start":{"line":50,"column":63},"end":{"line":57,"column":1}},"line":50},"5":{"name":"(anonymous_5)","decl":{"start":{"line":58,"column":42},"end":{"line":58,"column":43}},"loc":{"start":{"line":58,"column":62},"end":{"line":69,"column":1}},"line":58}},"branchMap":{"0":{"loc":{"start":{"line":2,"column":22},"end":{"line":4,"column":1}},"type":"binary-expr","locations":[{"start":{"line":2,"column":23},"end":{"line":2,"column":27}},{"start":{"line":2,"column":31},"end":{"line":2,"column":51}},{"start":{"line":2,"column":56},"end":{"line":4,"column":1}}],"line":2},"1":{"loc":{"start":{"line":3,"column":11},"end":{"line":3,"column":61}},"type":"cond-expr","locations":[{"start":{"line":3,"column":37},"end":{"line":3,"column":40}},{"start":{"line":3,"column":43},"end":{"line":3,"column":61}}],"line":3},"2":{"loc":{"start":{"line":3,"column":12},"end":{"line":3,"column":33}},"type":"binary-expr","locations":[{"start":{"line":3,"column":12},"end":{"line":3,"column":15}},{"start":{"line":3,"column":19},"end":{"line":3,"column":33}}],"line":3},"3":{"loc":{"start":{"line":14,"column":19},"end":{"line":14,"column":53}},"type":"binary-expr","locations":[{"start":{"line":14,"column":19},"end":{"line":14,"column":45}},{"start":{"line":14,"column":49},"end":{"line":14,"column":53}}],"line":14},"4":{"loc":{"start":{"line":30,"column":8},"end":{"line":32,"column":9}},"type":"if","locations":[{"start":{"line":30,"column":8},"end":{"line":32,"column":9}},{"start":{},"end":{}}],"line":30},"5":{"loc":{"start":{"line":44,"column":8},"end":{"line":46,"column":9}},"type":"if","locations":[{"start":{"line":44,"column":8},"end":{"line":46,"column":9}},{"start":{},"end":{}}],"line":44},"6":{"loc":{"start":{"line":64,"column":8},"end":{"line":66,"column":9}},"type":"if","locations":[{"start":{"line":64,"column":8},"end":{"line":66,"column":9}},{"start":{},"end":{}}],"line":64}},"s":{"0":1,"1":5,"2":1,"3":1,"4":1,"5":1,"6":1,"7":1,"8":1,"9":1,"10":2,"11":2,"12":1,"13":4,"14":2,"15":2,"16":1,"17":1,"18":1,"19":1,"20":0,"21":1,"22":3,"23":2,"24":2,"25":1,"26":1,"27":1,"28":1,"29":0,"30":1,"31":1,"32":1,"33":1,"34":0,"35":0,"36":0,"37":0,"38":0,"39":0,"40":1},"f":{"0":5,"1":2,"2":4,"3":3,"4":1,"5":0},"b":{"0":[1,1,1],"1":[4,1],"2":[5,5],"3":[2,0],"4":[1,0],"5":[1,0],"6":[0,0]},"inputSourceMap":{"version":3,"file":"auth.controller.js","sourceRoot":"","sources":["../../../src/controllers/auth.controller.ts"],"names":[],"mappings":";;;;;AACA,4EAAqD;AACrD,yEAAiD;AACjD,4CAAoB;AACpB,iEAAyE;AAEzE,yEAAiD;AACjD,6DAAuC;AAEvC,MAAM,YAAY,GAAG,OAAO,CAAC,GAAG,CAAC,QAAQ,KAAK,YAAY,CAAC;AAkB3D,SAAS,cAAc,CAAC,GAAY,EAAE,KAAa;IAC/C,MAAM,MAAM,GAAG,OAAO,CAAC,GAAG,CAAC,cAAc,IAAI,IAAI,CAAC;IAClD,GAAG,CAAC,MAAM,CAAC,OAAO,EAAE,KAAK,EAAE;QACvB,QAAQ,EAAE,IAAI;QACd,MAAM,EAAE,YAAY;QACpB,QAAQ,EAAE,KAAK;QACf,MAAM,EAAE,IAAA,YAAE,EAAC,MAAwB,CAAC;KAEvC,CAAC,CAAA;AACN,CAAC;AAGD,MAAM,MAAM,GAAG,IAAA,sBAAY,EAAC,KAAK,EAAE,GAA8C,EAAE,GAA8B,EAAE,EAAE;IACjH,MAAM,EAAC,IAAI,EAAC,KAAK,EAAC,QAAQ,EAAC,GAAG,IAAA,sBAAY,EAAC,6BAAY,EAAE,GAAG,CAAC,IAAI,CAAC,CAAC;IAEnE,IAAG,CAAC;QAEA,MAAM,MAAM,GAAG,MAAM,sBAAW,CAAC,MAAM,CAAC,IAAI,EAAC,KAAK,EAAC,QAAQ,CAAC,CAAC;QAC7D,cAAc,CAAC,GAAG,EAAE,MAAM,CAAC,KAAK,CAAC,CAAC;QAClC,GAAG,CAAC,MAAM,CAAC,GAAG,CAAC,CAAC,IAAI,CAAC,EAAC,OAAO,EAAE,IAAI,EAAE,IAAI,EAAE,EAAC,IAAI,EAAE,MAAM,CAAC,IAAI,EAAC,EAAC,CAAC,CAAC;IACrE,CAAC;IAAA,OAAM,KAAK,EAAC,CAAC;QACV,IAAI,KAAK,YAAY,gBAAQ,EAAC,CAAC;YAC3B,MAAM,KAAK,CAAC;QAChB,CAAC;QACD,MAAM,IAAI,gBAAQ,CAAC,eAAe,EAAE,GAAG,EAAE,eAAe,CAAC,CAAC;IAC9D,CAAC;AAEL,CAAC,CAAC,CAAC;AAEH,MAAM,KAAK,GAAG,IAAA,sBAAY,EAAC,KAAK,EAAE,GAA6C,EAAE,GAA8B,EAAE,EAAE;IAC/G,MAAM,EAAC,KAAK,EAAC,QAAQ,EAAC,GAAG,IAAA,sBAAY,EAAC,4BAAW,EAAE,GAAG,CAAC,IAAI,CAAC,CAAC;IAE7D,IAAG,CAAC;QACA,MAAM,MAAM,GAAG,MAAM,sBAAW,CAAC,KAAK,CAAC,KAAK,EAAC,QAAQ,CAAC,CAAC;QACvD,cAAc,CAAC,GAAG,EAAE,MAAM,CAAC,KAAK,CAAC,CAAC;QAClC,GAAG,CAAC,MAAM,CAAC,GAAG,CAAC,CAAC,IAAI,CAAC,EAAC,OAAO,EAAE,IAAI,EAAE,IAAI,EAAE,EAAC,IAAI,EAAE,MAAM,CAAC,IAAI,EAAC,EAAC,CAAC,CAAC;IACrE,CAAC;IAAA,OAAM,KAAK,EAAC,CAAC;QACV,IAAI,KAAK,YAAY,gBAAQ,EAAC,CAAC;YAC3B,MAAM,KAAK,CAAC;QAChB,CAAC;QACD,MAAM,IAAI,gBAAQ,CAAC,cAAc,EAAE,GAAG,EAAE,cAAc,CAAC,CAAC;IAC5D,CAAC;AACL,CAAC,CAAC,CAAC;AAGH,MAAM,MAAM,GAAG,IAAA,sBAAY,EAAC,KAAK,EAAE,GAAkC,EAAE,GAAgC,EAAE,EAAE;IAEvG,GAAG,CAAC,WAAW,CAAC,OAAO,EAAC;QACpB,QAAQ,EAAE,IAAI;QACd,MAAM,EAAE,YAAY;QACpB,QAAQ,EAAE,KAAK;KAClB,CAAC,CAAC;IAGH,GAAG,CAAC,MAAM,CAAC,GAAG,CAAC,CAAC,IAAI,CAAC,EAAC,OAAO,EAAE,IAAI,EAAE,IAAI,EAAE,EAAC,OAAO,EAAE,yBAAyB,EAAC,EAAC,CAAC,CAAC;AACtF,CAAC,CAAC,CAAC;AAEH,MAAM,KAAK,GAAG,IAAA,sBAAY,EAAC,KAAK,EAAE,GAAgC,EAAE,GAA8B,EAAE,EAAE;IAClG,IAAG,CAAC;QACA,MAAM,IAAI,GAAG,MAAM,sBAAW,CAAC,WAAW,CAAC,GAAG,CAAC,MAAgB,CAAC,CAAC;QACjE,GAAG,CAAC,MAAM,CAAC,GAAG,CAAC,CAAC,IAAI,CAAC,EAAC,OAAO,EAAE,IAAI,EAAE,IAAI,EAAE,EAAC,IAAI,EAAE,EAAC,EAAE,EAAE,IAAI,CAAC,GAAG,CAAC,QAAQ,EAAE,EAAE,IAAI,EAAE,IAAI,CAAC,IAAI,EAAE,KAAK,EAAE,IAAI,CAAC,KAAK,EAAC,EAAC,EAAC,CAAC,CAAC;IACvH,CAAC;IAAA,OAAM,KAAK,EAAC,CAAC;QACV,IAAI,KAAK,YAAY,gBAAQ,EAAC,CAAC;YAC3B,MAAM,KAAK,CAAC;QAChB,CAAC;QACD,MAAM,IAAI,gBAAQ,CAAC,qBAAqB,EAAE,GAAG,EAAE,eAAe,CAAC,CAAC;IACpE,CAAC;AACL,CAAC,CAAC,CAAC;AAGH,kBAAe;IACX,MAAM;IACN,KAAK;IACL,MAAM;IACN,KAAK;CACR,CAAC"},"_coverageSchema":"1a1c01bbd47fc00a2c39e90264f33305004495a9","hash":"3d65acbe9003139b2431409c325ebd8fa05b1b35"},"C:\\Users\\mubas\\Documents\\GitHub\\cohort-9-mern-16479-mubashir\\backend\\dist-test\\src\\services\\auth.service.js":{"path":"C:\\Users\\mubas\\Documents\\GitHub\\cohort-9-mern-16479-mubashir\\backend\\dist-test\\src\\services\\auth.service.js","statementMap":{"0":{"start":{"line":2,"column":22},"end":{"line":4,"column":1}},"1":{"start":{"line":3,"column":4},"end":{"line":3,"column":62}},"2":{"start":{"line":5,"column":0},"end":{"line":5,"column":62}},"3":{"start":{"line":6,"column":17},"end":{"line":6,"column":51}},"4":{"start":{"line":7,"column":17},"end":{"line":7,"column":37}},"5":{"start":{"line":8,"column":23},"end":{"line":8,"column":63}},"6":{"start":{"line":9,"column":17},"end":{"line":9,"column":60}},"7":{"start":{"line":10,"column":17},"end":{"line":10,"column":61}},"8":{"start":{"line":11,"column":20},"end":{"line":11,"column":22}},"9":{"start":{"line":13,"column":4},"end":{"line":13,"column":168}},"10":{"start":{"line":16,"column":27},"end":{"line":16,"column":65}},"11":{"start":{"line":17,"column":4},"end":{"line":19,"column":5}},"12":{"start":{"line":18,"column":8},"end":{"line":18,"column":102}},"13":{"start":{"line":20,"column":27},"end":{"line":20,"column":77}},"14":{"start":{"line":21,"column":17},"end":{"line":21,"column":76}},"15":{"start":{"line":22,"column":4},"end":{"line":22,"column":92}},"16":{"start":{"line":23,"column":18},"end":{"line":23,"column":37}},"17":{"start":{"line":24,"column":4},"end":{"line":24,"column":94}},"18":{"start":{"line":27,"column":17},"end":{"line":27,"column":55}},"19":{"start":{"line":28,"column":4},"end":{"line":30,"column":5}},"20":{"start":{"line":29,"column":8},"end":{"line":29,"column":92}},"21":{"start":{"line":31,"column":26},"end":{"line":31,"column":87}},"22":{"start":{"line":32,"column":4},"end":{"line":34,"column":5}},"23":{"start":{"line":33,"column":8},"end":{"line":33,"column":92}},"24":{"start":{"line":35,"column":26},"end":{"line":35,"column":73}},"25":{"start":{"line":36,"column":4},"end":{"line":45,"column":5}},"26":{"start":{"line":37,"column":8},"end":{"line":44,"column":9}},"27":{"start":{"line":38,"column":12},"end":{"line":38,"column":85}},"28":{"start":{"line":39,"column":12},"end":{"line":39,"column":30}},"29":{"start":{"line":40,"column":12},"end":{"line":40,"column":109}},"30":{"start":{"line":43,"column":12},"end":{"line":43,"column":108}},"31":{"start":{"line":46,"column":4},"end":{"line":46,"column":90}},"32":{"start":{"line":47,"column":18},"end":{"line":47,"column":37}},"33":{"start":{"line":48,"column":4},"end":{"line":48,"column":94}},"34":{"start":{"line":51,"column":17},"end":{"line":51,"column":79}},"35":{"start":{"line":52,"column":4},"end":{"line":54,"column":5}},"36":{"start":{"line":53,"column":8},"end":{"line":53,"column":76}},"37":{"start":{"line":55,"column":4},"end":{"line":55,"column":16}},"38":{"start":{"line":57,"column":0},"end":{"line":61,"column":2}}},"fnMap":{"0":{"name":"(anonymous_0)","decl":{"start":{"line":2,"column":56},"end":{"line":2,"column":57}},"loc":{"start":{"line":2,"column":71},"end":{"line":4,"column":1}},"line":2},"1":{"name":"generateToken","decl":{"start":{"line":12,"column":9},"end":{"line":12,"column":22}},"loc":{"start":{"line":12,"column":29},"end":{"line":14,"column":1}},"line":12},"2":{"name":"signup","decl":{"start":{"line":15,"column":15},"end":{"line":15,"column":21}},"loc":{"start":{"line":15,"column":45},"end":{"line":25,"column":1}},"line":15},"3":{"name":"login","decl":{"start":{"line":26,"column":15},"end":{"line":26,"column":20}},"loc":{"start":{"line":26,"column":38},"end":{"line":49,"column":1}},"line":26},"4":{"name":"getUserById","decl":{"start":{"line":50,"column":15},"end":{"line":50,"column":26}},"loc":{"start":{"line":50,"column":35},"end":{"line":56,"column":1}},"line":50}},"branchMap":{"0":{"loc":{"start":{"line":2,"column":22},"end":{"line":4,"column":1}},"type":"binary-expr","locations":[{"start":{"line":2,"column":23},"end":{"line":2,"column":27}},{"start":{"line":2,"column":31},"end":{"line":2,"column":51}},{"start":{"line":2,"column":56},"end":{"line":4,"column":1}}],"line":2},"1":{"loc":{"start":{"line":3,"column":11},"end":{"line":3,"column":61}},"type":"cond-expr","locations":[{"start":{"line":3,"column":37},"end":{"line":3,"column":40}},{"start":{"line":3,"column":43},"end":{"line":3,"column":61}}],"line":3},"2":{"loc":{"start":{"line":3,"column":12},"end":{"line":3,"column":33}},"type":"binary-expr","locations":[{"start":{"line":3,"column":12},"end":{"line":3,"column":15}},{"start":{"line":3,"column":19},"end":{"line":3,"column":33}}],"line":3},"3":{"loc":{"start":{"line":13,"column":129},"end":{"line":13,"column":163}},"type":"binary-expr","locations":[{"start":{"line":13,"column":129},"end":{"line":13,"column":155}},{"start":{"line":13,"column":159},"end":{"line":13,"column":163}}],"line":13},"4":{"loc":{"start":{"line":17,"column":4},"end":{"line":19,"column":5}},"type":"if","locations":[{"start":{"line":17,"column":4},"end":{"line":19,"column":5}},{"start":{},"end":{}}],"line":17},"5":{"loc":{"start":{"line":28,"column":4},"end":{"line":30,"column":5}},"type":"if","locations":[{"start":{"line":28,"column":4},"end":{"line":30,"column":5}},{"start":{},"end":{}}],"line":28},"6":{"loc":{"start":{"line":32,"column":4},"end":{"line":34,"column":5}},"type":"if","locations":[{"start":{"line":32,"column":4},"end":{"line":34,"column":5}},{"start":{},"end":{}}],"line":32},"7":{"loc":{"start":{"line":36,"column":4},"end":{"line":45,"column":5}},"type":"if","locations":[{"start":{"line":36,"column":4},"end":{"line":45,"column":5}},{"start":{},"end":{}}],"line":36},"8":{"loc":{"start":{"line":52,"column":4},"end":{"line":54,"column":5}},"type":"if","locations":[{"start":{"line":52,"column":4},"end":{"line":54,"column":5}},{"start":{},"end":{}}],"line":52}},"s":{"0":1,"1":4,"2":1,"3":1,"4":1,"5":1,"6":1,"7":1,"8":1,"9":4,"10":2,"11":2,"12":1,"13":1,"14":1,"15":1,"16":1,"17":1,"18":7,"19":7,"20":2,"21":5,"22":5,"23":2,"24":3,"25":3,"26":1,"27":1,"28":1,"29":1,"30":0,"31":3,"32":3,"33":3,"34":2,"35":2,"36":1,"37":1,"38":1},"f":{"0":4,"1":4,"2":2,"3":7,"4":2},"b":{"0":[1,1,1],"1":[2,2],"2":[4,4],"3":[4,0],"4":[1,1],"5":[2,5],"6":[2,3],"7":[1,2],"8":[1,1]},"inputSourceMap":{"version":3,"file":"auth.service.js","sourceRoot":"","sources":["../../../src/services/auth.service.ts"],"names":[],"mappings":";;;;;AAAA,oDAA6B;AAC7B,sCAA+B;AAE/B,gEAA+B;AAC/B,6DAAuC;AACvC,8DAAsC;AAEtC,MAAM,WAAW,GAAY,EAAE,CAAC;AAWhC,SAAS,aAAa,CAAC,IAAU;IAC7B,OAAO,sBAAG,CAAC,IAAI,CACX,EAAC,MAAM,EAAE,IAAI,CAAC,GAAG,CAAC,QAAQ,EAAE,EAAC,KAAK,EAAG,IAAI,CAAC,KAAK,EAAC,EAChD,OAAO,CAAC,GAAG,CAAC,UAAoB,EAChC,EAAC,SAAS,EAAE,CAAC,OAAO,CAAC,GAAG,CAAC,cAAc,IAAI,IAAI,CAAiC,EAAC,CACpF,CAAC;AACN,CAAC;AAED,KAAK,UAAU,MAAM,CAAC,IAAW,EAAC,KAAY,EAAC,QAAe;IAC1D,MAAM,cAAc,GAAG,MAAM,aAAI,CAAC,OAAO,CAAC,EAAC,KAAK,EAAC,CAAC,CAAC;IACnD,IAAI,cAAc,EAAC,CAAC;QAChB,MAAM,IAAI,gBAAQ,CAAC,qCAAqC,EAAE,GAAG,EAAE,qBAAqB,CAAC,CAAC;IAC1F,CAAC;IAED,MAAM,cAAc,GAAG,MAAM,gBAAO,CAAC,IAAI,CAAC,QAAQ,EAAC,WAAW,CAAC,CAAC;IAChE,MAAM,IAAI,GAAG,MAAM,aAAI,CAAC,MAAM,CAAC,EAAC,IAAI,EAAC,KAAK,EAAC,cAAc,EAAC,CAAC,CAAC;IAC5D,gBAAM,CAAC,IAAI,CAAC,EAAC,MAAM,EAAE,IAAI,CAAC,GAAG,CAAC,QAAQ,EAAE,EAAC,EAAC,+BAA+B,CAAC,CAAC;IAE3E,MAAM,KAAK,GAAG,aAAa,CAAC,IAAI,CAAC,CAAC;IAElC,OAAM,CAAC,EAAC,KAAK,EAAE,IAAI,EAAC,EAAC,EAAE,EAAE,IAAI,CAAC,GAAG,CAAC,QAAQ,EAAE,EAAE,KAAK,EAAE,IAAI,CAAC,KAAK,EAAE,IAAI,EAAE,IAAI,CAAC,IAAI,EAAC,EAAC,CAAC,CAAC;AACxF,CAAC;AAED,KAAK,UAAU,KAAK,CAAC,KAAY,EAAC,QAAe;IAC7C,MAAM,IAAI,GAAG,MAAM,aAAI,CAAC,OAAO,CAAC,EAAC,KAAK,EAAC,CAAC,CAAC;IAEzC,IAAI,CAAC,IAAI,EAAC,CAAC;QACP,MAAM,IAAI,gBAAQ,CAAC,2BAA2B,EAAE,GAAG,EAAE,qBAAqB,CAAC,CAAC;IAChF,CAAC;IACD,MAAM,aAAa,GAAG,MAAM,gBAAO,CAAC,OAAO,CAAC,QAAQ,EAAC,IAAI,CAAC,cAAc,CAAC,CAAC;IAE1E,IAAI,CAAC,aAAa,EAAC,CAAC;QAChB,MAAM,IAAI,gBAAQ,CAAC,2BAA2B,EAAE,GAAG,EAAE,qBAAqB,CAAC,CAAC;IAChF,CAAC;IAED,MAAM,aAAa,GAAG,gBAAO,CAAC,SAAS,CAAC,IAAI,CAAC,cAAc,CAAC,CAAC;IAC7D,IAAI,aAAa,GAAG,WAAW,EAAC,CAAC;QAC7B,IAAG,CAAC;YACA,IAAI,CAAC,cAAc,GAAG,MAAM,gBAAO,CAAC,IAAI,CAAC,QAAQ,EAAC,WAAW,CAAC,CAAC;YAC/D,MAAM,IAAI,CAAC,IAAI,EAAE,CAAC;YAClB,gBAAM,CAAC,IAAI,CAAC,EAAC,MAAM,EAAE,IAAI,CAAC,GAAG,CAAC,QAAQ,EAAE,EAAC,EAAC,wCAAwC,CAAC,CAAC;QACxF,CAAC;QAAA,OAAM,GAAG,EAAC,CAAC;YACR,gBAAM,CAAC,KAAK,CAAC,EAAC,GAAG,EAAC,MAAM,EAAE,IAAI,CAAC,GAAG,CAAC,QAAQ,EAAE,EAAC,EAAC,iCAAiC,CAAC,CAAC;QACtF,CAAC;IACL,CAAC;IACD,gBAAM,CAAC,IAAI,CAAC,EAAC,MAAM,EAAE,IAAI,CAAC,GAAG,CAAC,QAAQ,EAAE,EAAC,EAAC,6BAA6B,CAAC,CAAC;IACzE,MAAM,KAAK,GAAG,aAAa,CAAC,IAAI,CAAC,CAAC;IAElC,OAAM,CAAC,EAAC,KAAK,EAAE,IAAI,EAAC,EAAC,EAAE,EAAE,IAAI,CAAC,GAAG,CAAC,QAAQ,EAAE,EAAE,KAAK,EAAE,IAAI,CAAC,KAAK,EAAE,IAAI,EAAE,IAAI,CAAC,IAAI,EAAC,EAAC,CAAC,CAAC;AACxF,CAAC;AAGD,KAAK,UAAU,WAAW,CAAC,MAAa;IACpC,MAAM,IAAI,GAAG,MAAM,aAAI,CAAC,QAAQ,CAAC,MAAM,CAAC,CAAC,MAAM,CAAC,iBAAiB,CAAC,CAAC;IAEnE,IAAG,CAAC,IAAI,EAAC,CAAC;QACN,MAAM,IAAI,gBAAQ,CAAC,gBAAgB,EAAE,GAAG,EAAE,gBAAgB,CAAC,CAAC;IAEhE,CAAC;IACD,OAAO,IAAI,CAAC;AAChB,CAAC;AAGD,kBAAe;IACX,MAAM;IACN,KAAK;IACL,WAAW;CACd,CAAC"},"_coverageSchema":"1a1c01bbd47fc00a2c39e90264f33305004495a9","hash":"ab9c3263cd6f189bc1c8e4a5e88c8a6a97bb0b39"},"C:\\Users\\mubas\\Documents\\GitHub\\cohort-9-mern-16479-mubashir\\backend\\dist-test\\src\\models\\index.js":{"path":"C:\\Users\\mubas\\Documents\\GitHub\\cohort-9-mern-16479-mubashir\\backend\\dist-test\\src\\models\\index.js","statementMap":{"0":{"start":{"line":2,"column":22},"end":{"line":4,"column":1}},"1":{"start":{"line":3,"column":4},"end":{"line":3,"column":62}},"2":{"start":{"line":5,"column":0},"end":{"line":5,"column":62}},"3":{"start":{"line":6,"column":0},"end":{"line":6,"column":37}},"4":{"start":{"line":7,"column":21},"end":{"line":7,"column":61}},"5":{"start":{"line":8,"column":0},"end":{"line":8,"column":36}},"6":{"start":{"line":9,"column":21},"end":{"line":9,"column":61}},"7":{"start":{"line":10,"column":0},"end":{"line":10,"column":36}}},"fnMap":{"0":{"name":"(anonymous_0)","decl":{"start":{"line":2,"column":56},"end":{"line":2,"column":57}},"loc":{"start":{"line":2,"column":71},"end":{"line":4,"column":1}},"line":2}},"branchMap":{"0":{"loc":{"start":{"line":2,"column":22},"end":{"line":4,"column":1}},"type":"binary-expr","locations":[{"start":{"line":2,"column":23},"end":{"line":2,"column":27}},{"start":{"line":2,"column":31},"end":{"line":2,"column":51}},{"start":{"line":2,"column":56},"end":{"line":4,"column":1}}],"line":2},"1":{"loc":{"start":{"line":3,"column":11},"end":{"line":3,"column":61}},"type":"cond-expr","locations":[{"start":{"line":3,"column":37},"end":{"line":3,"column":40}},{"start":{"line":3,"column":43},"end":{"line":3,"column":61}}],"line":3},"2":{"loc":{"start":{"line":3,"column":12},"end":{"line":3,"column":33}},"type":"binary-expr","locations":[{"start":{"line":3,"column":12},"end":{"line":3,"column":15}},{"start":{"line":3,"column":19},"end":{"line":3,"column":33}}],"line":3}},"s":{"0":1,"1":2,"2":1,"3":1,"4":1,"5":1,"6":1,"7":1},"f":{"0":2},"b":{"0":[1,1,1],"1":[2,0],"2":[2,2]},"inputSourceMap":{"version":3,"file":"index.js","sourceRoot":"","sources":["../../../src/models/index.ts"],"names":[],"mappings":";;;;;;AAAA,8DAAgC;AAGvB,eAHF,oBAAI,CAGE;AAFb,8DAAgC;AAEjB,eAFR,oBAAI,CAEQ"},"_coverageSchema":"1a1c01bbd47fc00a2c39e90264f33305004495a9","hash":"4e6468975320454b52d6af13a840a43d33432e08"},"C:\\Users\\mubas\\Documents\\GitHub\\cohort-9-mern-16479-mubashir\\backend\\dist-test\\src\\models\\user.model.js":{"path":"C:\\Users\\mubas\\Documents\\GitHub\\cohort-9-mern-16479-mubashir\\backend\\dist-test\\src\\models\\user.model.js","statementMap":{"0":{"start":{"line":2,"column":0},"end":{"line":2,"column":62}},"1":{"start":{"line":3,"column":19},"end":{"line":3,"column":38}},"2":{"start":{"line":4,"column":19},"end":{"line":8,"column":24}},"3":{"start":{"line":9,"column":13},"end":{"line":9,"column":54}},"4":{"start":{"line":10,"column":0},"end":{"line":10,"column":23}}},"fnMap":{},"branchMap":{},"s":{"0":1,"1":1,"2":1,"3":1,"4":1},"f":{},"b":{},"inputSourceMap":{"version":3,"file":"user.model.js","sourceRoot":"","sources":["../../../src/models/user.model.ts"],"names":[],"mappings":";;AAAA,uCAAwD;AAWxD,MAAM,UAAU,GAAG,IAAI,iBAAM,CAAQ;IACjC,IAAI,EAAE,EAAE,IAAI,EAAE,MAAM,EAAE,QAAQ,EAAE,IAAI,EAAE,IAAI,EAAE,IAAI,EAAE;IAClD,KAAK,EAAE,EAAC,IAAI,EAAC,MAAM,EAAE,QAAQ,EAAE,IAAI,EAAE,MAAM,EAAE,IAAI,EAAE,SAAS,EAAE,IAAI,EAAE,IAAI,EAAE,IAAI,EAAC;IAC/E,cAAc,EAAE,EAAC,IAAI,EAAE,MAAM,EAAE,QAAQ,EAAE,IAAI,EAAC;CACjD,EAAE,EAAC,UAAU,EAAE,IAAI,EAAC,CAAC,CAAC;AAGvB,MAAM,IAAI,GAAG,IAAA,gBAAK,EAAQ,MAAM,EAAE,UAAU,CAAC,CAAC;AAE9C,kBAAe,IAAI,CAAC"},"_coverageSchema":"1a1c01bbd47fc00a2c39e90264f33305004495a9","hash":"48b5e0313e7ff98df30037377b22cf7203e4426b"},"C:\\Users\\mubas\\Documents\\GitHub\\cohort-9-mern-16479-mubashir\\backend\\dist-test\\src\\models\\note.model.js":{"path":"C:\\Users\\mubas\\Documents\\GitHub\\cohort-9-mern-16479-mubashir\\backend\\dist-test\\src\\models\\note.model.js","statementMap":{"0":{"start":{"line":2,"column":0},"end":{"line":2,"column":62}},"1":{"start":{"line":3,"column":19},"end":{"line":3,"column":38}},"2":{"start":{"line":4,"column":19},"end":{"line":10,"column":24}},"3":{"start":{"line":11,"column":0},"end":{"line":11,"column":32}},"4":{"start":{"line":12,"column":0},"end":{"line":12,"column":46}},"5":{"start":{"line":13,"column":13},"end":{"line":13,"column":54}},"6":{"start":{"line":14,"column":0},"end":{"line":14,"column":23}}},"fnMap":{},"branchMap":{},"s":{"0":1,"1":1,"2":1,"3":1,"4":1,"5":1,"6":1},"f":{},"b":{},"inputSourceMap":{"version":3,"file":"note.model.js","sourceRoot":"","sources":["../../../src/models/note.model.ts"],"names":[],"mappings":";;AAAA,uCAAuD;AAcvD,MAAM,UAAU,GAAG,IAAI,iBAAM,CAAQ;IACjC,KAAK,EAAE,EAAE,IAAI,EAAE,MAAM,EAAE,QAAQ,EAAE,IAAI,EAAE,IAAI,EAAE,IAAI,EAAE;IACnD,OAAO,EAAE,EAAC,IAAI,EAAC,MAAM,EAAE,OAAO,EAAE,EAAE,EAAC;IACnC,MAAM,EAAE,EAAC,IAAI,EAAE,iBAAM,CAAC,KAAK,CAAC,QAAQ,EAAE,GAAG,EAAE,MAAM,EAAE,QAAQ,EAAE,IAAI,EAAC;IAClE,QAAQ,EAAE,EAAC,IAAI,EAAE,OAAO,EAAE,OAAO,EAAE,KAAK,EAAC;IACzC,cAAc,EAAE,EAAC,IAAI,EAAE,MAAM,EAAE,OAAO,EAAE,IAAI,EAAC;CAChD,EAAE,EAAC,UAAU,EAAE,IAAI,EAAC,CAAC,CAAC;AAGvB,UAAU,CAAC,KAAK,CAAC,EAAE,MAAM,EAAE,CAAC,EAAC,CAAC,CAAC;AAC/B,UAAU,CAAC,KAAK,CAAC,EAAE,MAAM,EAAE,CAAC,EAAE,QAAQ,EAAE,CAAC,CAAC,EAAC,CAAC,CAAC;AAC7C,MAAM,IAAI,GAAG,IAAA,gBAAK,EAAQ,MAAM,EAAE,UAAU,CAAC,CAAC;AAE9C,kBAAe,IAAI,CAAC"},"_coverageSchema":"1a1c01bbd47fc00a2c39e90264f33305004495a9","hash":"d66aaa84bb591239290d155429d2c46a08657288"},"C:\\Users\\mubas\\Documents\\GitHub\\cohort-9-mern-16479-mubashir\\backend\\dist-test\\src\\utils\\Errors.js":{"path":"C:\\Users\\mubas\\Documents\\GitHub\\cohort-9-mern-16479-mubashir\\backend\\dist-test\\src\\utils\\Errors.js","statementMap":{"0":{"start":{"line":2,"column":0},"end":{"line":2,"column":62}},"1":{"start":{"line":5,"column":8},"end":{"line":5,"column":23}},"2":{"start":{"line":6,"column":8},"end":{"line":6,"column":37}},"3":{"start":{"line":7,"column":8},"end":{"line":7,"column":25}},"4":{"start":{"line":8,"column":8},"end":{"line":8,"column":34}},"5":{"start":{"line":9,"column":8},"end":{"line":9,"column":56}},"6":{"start":{"line":12,"column":0},"end":{"line":12,"column":27}}},"fnMap":{"0":{"name":"(anonymous_0)","decl":{"start":{"line":4,"column":4},"end":{"line":4,"column":5}},"loc":{"start":{"line":4,"column":43},"end":{"line":10,"column":5}},"line":4}},"branchMap":{},"s":{"0":1,"1":28,"2":28,"3":28,"4":28,"5":28,"6":1},"f":{"0":28},"b":{},"inputSourceMap":{"version":3,"file":"Errors.js","sourceRoot":"","sources":["../../../src/utils/Errors.ts"],"names":[],"mappings":";;AAAA,MAAM,QAAS,SAAQ,KAAK;IAKxB,YAAY,OAAe,EAAE,UAAkB,EAAE,IAAY;QACzD,KAAK,CAAC,OAAO,CAAC,CAAC;QAEf,IAAI,CAAC,UAAU,GAAG,UAAU,CAAC;QAC7B,IAAI,CAAC,IAAI,GAAG,IAAI,CAAC;QACjB,IAAI,CAAC,aAAa,GAAG,IAAI,CAAC;QAE1B,KAAK,CAAC,iBAAiB,CAAC,IAAI,EAAE,IAAI,CAAC,WAAW,CAAC,CAAC;IACpD,CAAC;CACJ;AAED,kBAAe,QAAQ,CAAC"},"_coverageSchema":"1a1c01bbd47fc00a2c39e90264f33305004495a9","hash":"6c431ec291ff84b375fa659b53ab67f31559a0c4"},"C:\\Users\\mubas\\Documents\\GitHub\\cohort-9-mern-16479-mubashir\\backend\\dist-test\\src\\utils\\asyncHandler.js":{"path":"C:\\Users\\mubas\\Documents\\GitHub\\cohort-9-mern-16479-mubashir\\backend\\dist-test\\src\\utils\\asyncHandler.js","statementMap":{"0":{"start":{"line":2,"column":0},"end":{"line":2,"column":62}},"1":{"start":{"line":4,"column":4},"end":{"line":6,"column":6}},"2":{"start":{"line":5,"column":8},"end":{"line":5,"column":56}},"3":{"start":{"line":8,"column":0},"end":{"line":8,"column":31}}},"fnMap":{"0":{"name":"asyncHandler","decl":{"start":{"line":3,"column":9},"end":{"line":3,"column":21}},"loc":{"start":{"line":3,"column":26},"end":{"line":7,"column":1}},"line":3},"1":{"name":"(anonymous_1)","decl":{"start":{"line":4,"column":11},"end":{"line":4,"column":12}},"loc":{"start":{"line":4,"column":31},"end":{"line":6,"column":5}},"line":4}},"branchMap":{},"s":{"0":1,"1":10,"2":39,"3":1},"f":{"0":10,"1":39},"b":{},"inputSourceMap":{"version":3,"file":"asyncHandler.js","sourceRoot":"","sources":["../../../src/utils/asyncHandler.ts"],"names":[],"mappings":";;AAEA,SAAS,YAAY,CACjB,EAAkH;IAE9G,OAAO,CAAC,GAAG,EAAE,GAAG,EAAE,IAAI,EAAE,EAAE;QACtB,OAAO,CAAC,OAAO,CAAC,EAAE,CAAC,GAAG,EAAE,GAAG,EAAE,IAAI,CAAC,CAAC,CAAC,KAAK,CAAC,IAAI,CAAC,CAAC;IACpD,CAAC,CAAA;AAEL,CAAC;AAEL,kBAAe,YAAY,CAAC"},"_coverageSchema":"1a1c01bbd47fc00a2c39e90264f33305004495a9","hash":"474c19945d51c9677d5f02ab275f69ae030a5435"},"C:\\Users\\mubas\\Documents\\GitHub\\cohort-9-mern-16479-mubashir\\backend\\dist-test\\src\\validators\\auth.validator.js":{"path":"C:\\Users\\mubas\\Documents\\GitHub\\cohort-9-mern-16479-mubashir\\backend\\dist-test\\src\\validators\\auth.validator.js","statementMap":{"0":{"start":{"line":2,"column":0},"end":{"line":2,"column":62}},"1":{"start":{"line":3,"column":0},"end":{"line":3,"column":52}},"2":{"start":{"line":4,"column":14},"end":{"line":4,"column":28}},"3":{"start":{"line":5,"column":0},"end":{"line":11,"column":3}},"4":{"start":{"line":12,"column":0},"end":{"line":15,"column":3}}},"fnMap":{},"branchMap":{},"s":{"0":1,"1":1,"2":1,"3":1,"4":1},"f":{},"b":{},"inputSourceMap":{"version":3,"file":"auth.validator.js","sourceRoot":"","sources":["../../../src/validators/auth.validator.ts"],"names":[],"mappings":";;;AAAA,6BAAwB;AAEX,QAAA,YAAY,GAAG,OAAC,CAAC,MAAM,CAAC;IACjC,IAAI,EAAE,OAAC,CAAC,MAAM,EAAE,CAAC,IAAI,EAAE,CAAC,GAAG,CAAC,CAAC,EAAC,oCAAoC,CAAC,CAAC,GAAG,CAAC,GAAG,CAAC;IAC5E,KAAK,EAAE,OAAC,CAAC,MAAM,EAAE,CAAC,IAAI,EAAE,CAAC,WAAW,EAAE,CAAC,KAAK,CAAC,qBAAqB,CAAC;IACnE,QAAQ,EAAE,OAAC,CAAC,MAAM,EAAE,CAAC,GAAG,CAAC,CAAC,EAAC,wCAAwC,CAAC,CAAC,GAAG,CAAC,GAAG,CAAC;SACxE,KAAK,CAAC,UAAU,EAAC,oCAAoC,CAAC;SACtD,KAAK,CAAC,OAAO,EAAC,oCAAoC,CAAC;CAC3D,CAAC,CAAC;AAEU,QAAA,WAAW,GAAG,OAAC,CAAC,MAAM,CAAC;IAChC,KAAK,EAAE,OAAC,CAAC,MAAM,EAAE,CAAC,IAAI,EAAE,CAAC,WAAW,EAAE,CAAC,KAAK,CAAC,qBAAqB,CAAC;IACnE,QAAQ,EAAE,OAAC,CAAC,MAAM,EAAE,CAAC,GAAG,CAAC,CAAC,EAAC,sBAAsB,CAAC;CACrD,CAAC,CAAC"},"_coverageSchema":"1a1c01bbd47fc00a2c39e90264f33305004495a9","hash":"0dc4a1ef0aed1d9221964ddb7af62439d3e78a2a"},"C:\\Users\\mubas\\Documents\\GitHub\\cohort-9-mern-16479-mubashir\\backend\\dist-test\\src\\utils\\parseOrThrow.js":{"path":"C:\\Users\\mubas\\Documents\\GitHub\\cohort-9-mern-16479-mubashir\\backend\\dist-test\\src\\utils\\parseOrThrow.js","statementMap":{"0":{"start":{"line":2,"column":22},"end":{"line":4,"column":1}},"1":{"start":{"line":3,"column":4},"end":{"line":3,"column":62}},"2":{"start":{"line":5,"column":0},"end":{"line":5,"column":62}},"3":{"start":{"line":6,"column":17},"end":{"line":6,"column":53}},"4":{"start":{"line":8,"column":19},"end":{"line":8,"column":41}},"5":{"start":{"line":9,"column":4},"end":{"line":12,"column":5}},"6":{"start":{"line":10,"column":24},"end":{"line":10,"column":84}},"7":{"start":{"line":10,"column":65},"end":{"line":10,"column":72}},"8":{"start":{"line":11,"column":8},"end":{"line":11,"column":69}},"9":{"start":{"line":13,"column":4},"end":{"line":13,"column":23}},"10":{"start":{"line":15,"column":0},"end":{"line":15,"column":31}}},"fnMap":{"0":{"name":"(anonymous_0)","decl":{"start":{"line":2,"column":56},"end":{"line":2,"column":57}},"loc":{"start":{"line":2,"column":71},"end":{"line":4,"column":1}},"line":2},"1":{"name":"parseOrThrow","decl":{"start":{"line":7,"column":9},"end":{"line":7,"column":21}},"loc":{"start":{"line":7,"column":36},"end":{"line":14,"column":1}},"line":7},"2":{"name":"(anonymous_2)","decl":{"start":{"line":10,"column":48},"end":{"line":10,"column":49}},"loc":{"start":{"line":10,"column":65},"end":{"line":10,"column":72}},"line":10}},"branchMap":{"0":{"loc":{"start":{"line":2,"column":22},"end":{"line":4,"column":1}},"type":"binary-expr","locations":[{"start":{"line":2,"column":23},"end":{"line":2,"column":27}},{"start":{"line":2,"column":31},"end":{"line":2,"column":51}},{"start":{"line":2,"column":56},"end":{"line":4,"column":1}}],"line":2},"1":{"loc":{"start":{"line":3,"column":11},"end":{"line":3,"column":61}},"type":"cond-expr","locations":[{"start":{"line":3,"column":37},"end":{"line":3,"column":40}},{"start":{"line":3,"column":43},"end":{"line":3,"column":61}}],"line":3},"2":{"loc":{"start":{"line":3,"column":12},"end":{"line":3,"column":33}},"type":"binary-expr","locations":[{"start":{"line":3,"column":12},"end":{"line":3,"column":15}},{"start":{"line":3,"column":19},"end":{"line":3,"column":33}}],"line":3},"3":{"loc":{"start":{"line":9,"column":4},"end":{"line":12,"column":5}},"type":"if","locations":[{"start":{"line":9,"column":4},"end":{"line":12,"column":5}},{"start":{},"end":{}}],"line":9}},"s":{"0":1,"1":1,"2":1,"3":1,"4":17,"5":17,"6":8,"7":9,"8":8,"9":9,"10":1},"f":{"0":1,"1":17,"2":9},"b":{"0":[1,1,1],"1":[1,0],"2":[1,1],"3":[8,9]},"inputSourceMap":{"version":3,"file":"parseOrThrow.js","sourceRoot":"","sources":["../../../src/utils/parseOrThrow.ts"],"names":[],"mappings":";;;;;AACA,sDAAgC;AAEhC,SAAS,YAAY,CAAI,MAAoB,EAAE,IAAa;IACxD,MAAM,MAAM,GAAG,MAAM,CAAC,SAAS,CAAC,IAAI,CAAC,CAAC;IAEtC,IAAI,CAAC,MAAM,CAAC,OAAO,EAAE,CAAC;QAClB,MAAM,OAAO,GAAG,MAAM,CAAC,KAAK,CAAC,MAAM,CAAC,GAAG,CAAC,CAAC,EAAE,OAAO,EAAE,EAAE,EAAE,CAAC,OAAO,CAAC,CAAC,IAAI,CAAC,IAAI,CAAC,CAAC;QAC7E,MAAM,IAAI,gBAAQ,CAAC,OAAO,EAAE,GAAG,EAAE,kBAAkB,CAAC,CAAC;IACzD,CAAC;IAED,OAAO,MAAM,CAAC,IAAI,CAAC;AACvB,CAAC;AAED,kBAAe,YAAY,CAAC"},"_coverageSchema":"1a1c01bbd47fc00a2c39e90264f33305004495a9","hash":"ea7890e18bcad40a76e39937bbfdeb7eef1a96ca"},"C:\\Users\\mubas\\Documents\\GitHub\\cohort-9-mern-16479-mubashir\\backend\\dist-test\\src\\middlewares\\auth.middleware.js":{"path":"C:\\Users\\mubas\\Documents\\GitHub\\cohort-9-mern-16479-mubashir\\backend\\dist-test\\src\\middlewares\\auth.middleware.js","statementMap":{"0":{"start":{"line":2,"column":22},"end":{"line":4,"column":1}},"1":{"start":{"line":3,"column":4},"end":{"line":3,"column":62}},"2":{"start":{"line":5,"column":0},"end":{"line":5,"column":62}},"3":{"start":{"line":6,"column":23},"end":{"line":6,"column":63}},"4":{"start":{"line":7,"column":17},"end":{"line":7,"column":60}},"5":{"start":{"line":8,"column":23},"end":{"line":8,"column":72}},"6":{"start":{"line":9,"column":20},"end":{"line":22,"column":2}},"7":{"start":{"line":10,"column":18},"end":{"line":10,"column":36}},"8":{"start":{"line":11,"column":4},"end":{"line":13,"column":5}},"9":{"start":{"line":12,"column":8},"end":{"line":12,"column":82}},"10":{"start":{"line":14,"column":4},"end":{"line":21,"column":5}},"11":{"start":{"line":15,"column":29},"end":{"line":15,"column":89}},"12":{"start":{"line":16,"column":8},"end":{"line":16,"column":41}},"13":{"start":{"line":17,"column":8},"end":{"line":17,"column":15}},"14":{"start":{"line":20,"column":8},"end":{"line":20,"column":95}},"15":{"start":{"line":23,"column":0},"end":{"line":23,"column":30}}},"fnMap":{"0":{"name":"(anonymous_0)","decl":{"start":{"line":2,"column":56},"end":{"line":2,"column":57}},"loc":{"start":{"line":2,"column":71},"end":{"line":4,"column":1}},"line":2},"1":{"name":"(anonymous_1)","decl":{"start":{"line":9,"column":48},"end":{"line":9,"column":49}},"loc":{"start":{"line":9,"column":74},"end":{"line":22,"column":1}},"line":9}},"branchMap":{"0":{"loc":{"start":{"line":2,"column":22},"end":{"line":4,"column":1}},"type":"binary-expr","locations":[{"start":{"line":2,"column":23},"end":{"line":2,"column":27}},{"start":{"line":2,"column":31},"end":{"line":2,"column":51}},{"start":{"line":2,"column":56},"end":{"line":4,"column":1}}],"line":2},"1":{"loc":{"start":{"line":3,"column":11},"end":{"line":3,"column":61}},"type":"cond-expr","locations":[{"start":{"line":3,"column":37},"end":{"line":3,"column":40}},{"start":{"line":3,"column":43},"end":{"line":3,"column":61}}],"line":3},"2":{"loc":{"start":{"line":3,"column":12},"end":{"line":3,"column":33}},"type":"binary-expr","locations":[{"start":{"line":3,"column":12},"end":{"line":3,"column":15}},{"start":{"line":3,"column":19},"end":{"line":3,"column":33}}],"line":3},"3":{"loc":{"start":{"line":11,"column":4},"end":{"line":13,"column":5}},"type":"if","locations":[{"start":{"line":11,"column":4},"end":{"line":13,"column":5}},{"start":{},"end":{}}],"line":11}},"s":{"0":1,"1":3,"2":1,"3":1,"4":1,"5":1,"6":1,"7":17,"8":17,"9":2,"10":15,"11":15,"12":14,"13":14,"14":1,"15":1},"f":{"0":3,"1":17},"b":{"0":[1,1,1],"1":[2,1],"2":[3,3],"3":[2,15]},"inputSourceMap":{"version":3,"file":"auth.middleware.js","sourceRoot":"","sources":["../../../src/middlewares/auth.middleware.ts"],"names":[],"mappings":";;;;;AACA,gEAA+B;AAC/B,6DAAuC;AACvC,yEAAiD;AAQjD,MAAM,WAAW,GAAG,IAAA,sBAAY,EAAC,KAAK,EAAE,GAAY,EAAE,GAAa,EAAE,IAAkB,EAAE,EAAE;IAEvF,MAAM,KAAK,GAAG,GAAG,CAAC,OAAO,EAAE,KAAK,CAAC;IAEjC,IAAI,CAAC,KAAK,EAAE,CAAC;QACT,MAAM,IAAI,gBAAQ,CAAC,mBAAmB,EAAE,GAAG,EAAE,mBAAmB,CAAC,CAAC;IACtE,CAAC;IAED,IAAG,CAAC;QACA,MAAM,YAAY,GAAG,sBAAG,CAAC,MAAM,CAAC,KAAK,EAAC,OAAO,CAAC,GAAG,CAAC,UAAoB,CAAiB,CAAC;QAExF,GAAG,CAAC,MAAM,GAAG,YAAY,CAAC,MAAM,CAAC;QACjC,IAAI,EAAE,CAAC;IAEX,CAAC;IAAA,OAAM,KAAK,EAAC,CAAC;QACV,MAAM,IAAI,gBAAQ,CAAC,oCAAoC,EAAE,GAAG,EAAE,eAAe,CAAC,CAAC;IACnF,CAAC;AACL,CAAC,CAAC,CAAC;AAEH,kBAAe,WAAW,CAAC"},"_coverageSchema":"1a1c01bbd47fc00a2c39e90264f33305004495a9","hash":"ee3c2355ba813aafe5cb5f313d1a3558c09c43dd"},"C:\\Users\\mubas\\Documents\\GitHub\\cohort-9-mern-16479-mubashir\\backend\\dist-test\\src\\middlewares\\rateLimiter.middleware.js":{"path":"C:\\Users\\mubas\\Documents\\GitHub\\cohort-9-mern-16479-mubashir\\backend\\dist-test\\src\\middlewares\\rateLimiter.middleware.js","statementMap":{"0":{"start":{"line":2,"column":22},"end":{"line":4,"column":1}},"1":{"start":{"line":3,"column":4},"end":{"line":3,"column":62}},"2":{"start":{"line":5,"column":0},"end":{"line":5,"column":62}},"3":{"start":{"line":6,"column":29},"end":{"line":6,"column":75}},"4":{"start":{"line":7,"column":25},"end":{"line":10,"column":1}},"5":{"start":{"line":11,"column":24},"end":{"line":18,"column":2}},"6":{"start":{"line":16,"column":16},"end":{"line":16,"column":47}},"7":{"start":{"line":19,"column":0},"end":{"line":19,"column":34}}},"fnMap":{"0":{"name":"(anonymous_0)","decl":{"start":{"line":2,"column":56},"end":{"line":2,"column":57}},"loc":{"start":{"line":2,"column":71},"end":{"line":4,"column":1}},"line":2},"1":{"name":"(anonymous_1)","decl":{"start":{"line":16,"column":10},"end":{"line":16,"column":11}},"loc":{"start":{"line":16,"column":16},"end":{"line":16,"column":47}},"line":16}},"branchMap":{"0":{"loc":{"start":{"line":2,"column":22},"end":{"line":4,"column":1}},"type":"binary-expr","locations":[{"start":{"line":2,"column":23},"end":{"line":2,"column":27}},{"start":{"line":2,"column":31},"end":{"line":2,"column":51}},{"start":{"line":2,"column":56},"end":{"line":4,"column":1}}],"line":2},"1":{"loc":{"start":{"line":3,"column":11},"end":{"line":3,"column":61}},"type":"cond-expr","locations":[{"start":{"line":3,"column":37},"end":{"line":3,"column":40}},{"start":{"line":3,"column":43},"end":{"line":3,"column":61}}],"line":3},"2":{"loc":{"start":{"line":3,"column":12},"end":{"line":3,"column":33}},"type":"binary-expr","locations":[{"start":{"line":3,"column":12},"end":{"line":3,"column":15}},{"start":{"line":3,"column":19},"end":{"line":3,"column":33}}],"line":3}},"s":{"0":1,"1":1,"2":1,"3":1,"4":1,"5":1,"6":7,"7":1},"f":{"0":1,"1":7},"b":{"0":[1,1,1],"1":[0,1],"2":[1,1]},"inputSourceMap":{"version":3,"file":"rateLimiter.middleware.js","sourceRoot":"","sources":["../../../src/middlewares/rateLimiter.middleware.ts"],"names":[],"mappings":";;;;;AAAA,4EAA2C;AAO3C,MAAM,gBAAgB,GAAyB;IAC3C,OAAO,EAAE,KAAK;IACd,OAAO,EAAE,EAAC,IAAI,EAAE,mBAAmB,EAAE,GAAG,EAAE,oCAAoC,EAAC;CAClF,CAAC;AAEF,MAAM,eAAe,GAAG,IAAA,4BAAS,EAAC;IAC9B,QAAQ,EAAE,EAAE,GAAG,EAAE,GAAG,IAAI;IACxB,GAAG,EAAE,EAAE;IACP,eAAe,EAAE,IAAI;IACrB,aAAa,EAAE,KAAK;IACpB,IAAI,EAAE,GAAG,EAAE,CAAC,OAAO,CAAC,GAAG,CAAC,QAAQ,KAAK,MAAM;IAC3C,OAAO,EAAE,gBAAgB;CAC5B,CAAC,CAAC;AAEH,kBAAe,eAAe,CAAC"},"_coverageSchema":"1a1c01bbd47fc00a2c39e90264f33305004495a9","hash":"7bb22bc9057f9933a8efecc7b398f7bff76c9755"},"C:\\Users\\mubas\\Documents\\GitHub\\cohort-9-mern-16479-mubashir\\backend\\dist-test\\src\\middlewares\\error.middleware.js":{"path":"C:\\Users\\mubas\\Documents\\GitHub\\cohort-9-mern-16479-mubashir\\backend\\dist-test\\src\\middlewares\\error.middleware.js","statementMap":{"0":{"start":{"line":2,"column":22},"end":{"line":4,"column":1}},"1":{"start":{"line":3,"column":4},"end":{"line":3,"column":62}},"2":{"start":{"line":5,"column":0},"end":{"line":5,"column":62}},"3":{"start":{"line":6,"column":17},"end":{"line":6,"column":61}},"4":{"start":{"line":7,"column":17},"end":{"line":7,"column":60}},"5":{"start":{"line":9,"column":23},"end":{"line":9,"column":54}},"6":{"start":{"line":10,"column":23},"end":{"line":10,"column":56}},"7":{"start":{"line":11,"column":17},"end":{"line":11,"column":64}},"8":{"start":{"line":12,"column":16},"end":{"line":12,"column":65}},"9":{"start":{"line":13,"column":4},"end":{"line":18,"column":5}},"10":{"start":{"line":14,"column":8},"end":{"line":14,"column":49}},"11":{"start":{"line":17,"column":8},"end":{"line":17,"column":58}},"12":{"start":{"line":19,"column":4},"end":{"line":22,"column":7}},"13":{"start":{"line":24,"column":0},"end":{"line":24,"column":34}}},"fnMap":{"0":{"name":"(anonymous_0)","decl":{"start":{"line":2,"column":56},"end":{"line":2,"column":57}},"loc":{"start":{"line":2,"column":71},"end":{"line":4,"column":1}},"line":2},"1":{"name":"errorMiddleWare","decl":{"start":{"line":8,"column":9},"end":{"line":8,"column":24}},"loc":{"start":{"line":8,"column":46},"end":{"line":23,"column":1}},"line":8}},"branchMap":{"0":{"loc":{"start":{"line":2,"column":22},"end":{"line":4,"column":1}},"type":"binary-expr","locations":[{"start":{"line":2,"column":23},"end":{"line":2,"column":27}},{"start":{"line":2,"column":31},"end":{"line":2,"column":51}},{"start":{"line":2,"column":56},"end":{"line":4,"column":1}}],"line":2},"1":{"loc":{"start":{"line":3,"column":11},"end":{"line":3,"column":61}},"type":"cond-expr","locations":[{"start":{"line":3,"column":37},"end":{"line":3,"column":40}},{"start":{"line":3,"column":43},"end":{"line":3,"column":61}}],"line":3},"2":{"loc":{"start":{"line":3,"column":12},"end":{"line":3,"column":33}},"type":"binary-expr","locations":[{"start":{"line":3,"column":12},"end":{"line":3,"column":15}},{"start":{"line":3,"column":19},"end":{"line":3,"column":33}}],"line":3},"3":{"loc":{"start":{"line":10,"column":23},"end":{"line":10,"column":56}},"type":"cond-expr","locations":[{"start":{"line":10,"column":36},"end":{"line":10,"column":50}},{"start":{"line":10,"column":53},"end":{"line":10,"column":56}}],"line":10},"4":{"loc":{"start":{"line":11,"column":17},"end":{"line":11,"column":64}},"type":"cond-expr","locations":[{"start":{"line":11,"column":30},"end":{"line":11,"column":38}},{"start":{"line":11,"column":41},"end":{"line":11,"column":64}}],"line":11},"5":{"loc":{"start":{"line":12,"column":16},"end":{"line":12,"column":65}},"type":"cond-expr","locations":[{"start":{"line":12,"column":29},"end":{"line":12,"column":40}},{"start":{"line":12,"column":43},"end":{"line":12,"column":65}}],"line":12},"6":{"loc":{"start":{"line":13,"column":4},"end":{"line":18,"column":5}},"type":"if","locations":[{"start":{"line":13,"column":4},"end":{"line":18,"column":5}},{"start":{"line":16,"column":9},"end":{"line":18,"column":5}}],"line":13}},"s":{"0":1,"1":2,"2":1,"3":1,"4":1,"5":15,"6":15,"7":15,"8":15,"9":15,"10":15,"11":0,"12":15,"13":1},"f":{"0":2,"1":15},"b":{"0":[1,1,1],"1":[2,0],"2":[2,2],"3":[15,0],"4":[15,0],"5":[15,0],"6":[15,0]},"inputSourceMap":{"version":3,"file":"error.middleware.js","sourceRoot":"","sources":["../../../src/middlewares/error.middleware.ts"],"names":[],"mappings":";;;;;AACA,8DAAsC;AACtC,6DAAuC;AAIvC,SAAS,eAAe,CAAC,GAAY,EAAE,GAAY,EAAE,GAAa,EAAE,IAAkB;IAClF,MAAM,UAAU,GAAG,GAAG,YAAY,gBAAQ,CAAC;IAE3C,MAAM,UAAU,GAAG,UAAU,CAAC,CAAC,CAAC,GAAG,CAAC,UAAU,CAAC,CAAC,CAAC,GAAG,CAAC;IACrD,MAAM,IAAI,GAAG,UAAU,CAAC,CAAC,CAAC,GAAG,CAAC,IAAI,CAAC,CAAC,CAAC,uBAAuB,CAAC;IAC7D,MAAM,GAAG,GAAG,UAAU,CAAC,CAAC,CAAC,GAAG,CAAC,OAAO,CAAC,CAAC,CAAC,sBAAsB,CAAC;IAE9D,IAAG,GAAG,CAAC,GAAG,EAAC,CAAC;QACR,GAAG,CAAC,GAAG,CAAC,KAAK,CAAC,EAAC,GAAG,EAAC,EAAE,gBAAgB,CAAC,CAAC;IAC3C,CAAC;SAAI,CAAC;QACV,gBAAM,CAAC,KAAK,CAAC,EAAC,GAAG,EAAC,EAAE,gBAAgB,CAAC,CAAC;IAClC,CAAC;IAGD,GAAG,CAAC,MAAM,CAAC,UAAU,CAAC,CAAC,IAAI,CAAC;QACxB,OAAO,EAAE,KAAK;QACd,OAAO,EAAE,EAAC,IAAI,EAAC,GAAG,EAAC;KACtB,CAAC,CAAC;AACP,CAAC;AAED,kBAAe,eAAe,CAAC"},"_coverageSchema":"1a1c01bbd47fc00a2c39e90264f33305004495a9","hash":"0079d0787eef2dbc83eb26f89c75d3be85d0fe86"},"C:\\Users\\mubas\\Documents\\GitHub\\cohort-9-mern-16479-mubashir\\backend\\dist-test\\src\\routes\\notes.routes.js":{"path":"C:\\Users\\mubas\\Documents\\GitHub\\cohort-9-mern-16479-mubashir\\backend\\dist-test\\src\\routes\\notes.routes.js","statementMap":{"0":{"start":{"line":2,"column":22},"end":{"line":4,"column":1}},"1":{"start":{"line":3,"column":4},"end":{"line":3,"column":62}},"2":{"start":{"line":5,"column":0},"end":{"line":5,"column":62}},"3":{"start":{"line":6,"column":18},"end":{"line":6,"column":53}},"4":{"start":{"line":7,"column":27},"end":{"line":7,"column":86}},"5":{"start":{"line":8,"column":26},"end":{"line":8,"column":84}},"6":{"start":{"line":9,"column":15},"end":{"line":9,"column":41}},"7":{"start":{"line":10,"column":0},"end":{"line":10,"column":38}},"8":{"start":{"line":11,"column":0},"end":{"line":11,"column":56}},"9":{"start":{"line":12,"column":0},"end":{"line":12,"column":56}},"10":{"start":{"line":13,"column":0},"end":{"line":13,"column":59}},"11":{"start":{"line":14,"column":0},"end":{"line":14,"column":58}},"12":{"start":{"line":15,"column":0},"end":{"line":15,"column":61}},"13":{"start":{"line":16,"column":0},"end":{"line":16,"column":25}}},"fnMap":{"0":{"name":"(anonymous_0)","decl":{"start":{"line":2,"column":56},"end":{"line":2,"column":57}},"loc":{"start":{"line":2,"column":71},"end":{"line":4,"column":1}},"line":2}},"branchMap":{"0":{"loc":{"start":{"line":2,"column":22},"end":{"line":4,"column":1}},"type":"binary-expr","locations":[{"start":{"line":2,"column":23},"end":{"line":2,"column":27}},{"start":{"line":2,"column":31},"end":{"line":2,"column":51}},{"start":{"line":2,"column":56},"end":{"line":4,"column":1}}],"line":2},"1":{"loc":{"start":{"line":3,"column":11},"end":{"line":3,"column":61}},"type":"cond-expr","locations":[{"start":{"line":3,"column":37},"end":{"line":3,"column":40}},{"start":{"line":3,"column":43},"end":{"line":3,"column":61}}],"line":3},"2":{"loc":{"start":{"line":3,"column":12},"end":{"line":3,"column":33}},"type":"binary-expr","locations":[{"start":{"line":3,"column":12},"end":{"line":3,"column":15}},{"start":{"line":3,"column":19},"end":{"line":3,"column":33}}],"line":3}},"s":{"0":1,"1":3,"2":1,"3":1,"4":1,"5":1,"6":1,"7":1,"8":1,"9":1,"10":1,"11":1,"12":1,"13":1},"f":{"0":3},"b":{"0":[1,1,1],"1":[2,1],"2":[3,3]},"inputSourceMap":{"version":3,"file":"notes.routes.js","sourceRoot":"","sources":["../../../src/routes/notes.routes.ts"],"names":[],"mappings":";;;;;AAAA,sDAA8B;AAC9B,uFAA8D;AAC9D,qFAAyD;AAEzD,MAAM,MAAM,GAAG,iBAAO,CAAC,MAAM,EAAE,CAAC;AAGhC,MAAM,CAAC,GAAG,CAAC,yBAAW,CAAC,CAAC;AAExB,MAAM,CAAC,IAAI,CAAC,GAAG,EAAE,0BAAe,CAAC,UAAU,CAAC,CAAC;AAC7C,MAAM,CAAC,GAAG,CAAC,GAAG,EAAE,0BAAe,CAAC,WAAW,CAAC,CAAC;AAC7C,MAAM,CAAC,GAAG,CAAC,MAAM,EAAE,0BAAe,CAAC,WAAW,CAAC,CAAC;AAChD,MAAM,CAAC,GAAG,CAAC,MAAM,EAAE,0BAAe,CAAC,UAAU,CAAC,CAAC;AAC/C,MAAM,CAAC,MAAM,CAAC,MAAM,EAAE,0BAAe,CAAC,UAAU,CAAC,CAAC;AAElD,kBAAe,MAAM,CAAC"},"_coverageSchema":"1a1c01bbd47fc00a2c39e90264f33305004495a9","hash":"1db9dd1557f3d1b93b5eda6c7ceea15aedcb9818"},"C:\\Users\\mubas\\Documents\\GitHub\\cohort-9-mern-16479-mubashir\\backend\\dist-test\\src\\controllers\\notes.controller.js":{"path":"C:\\Users\\mubas\\Documents\\GitHub\\cohort-9-mern-16479-mubashir\\backend\\dist-test\\src\\controllers\\notes.controller.js","statementMap":{"0":{"start":{"line":2,"column":22},"end":{"line":4,"column":1}},"1":{"start":{"line":3,"column":4},"end":{"line":3,"column":62}},"2":{"start":{"line":5,"column":0},"end":{"line":5,"column":62}},"3":{"start":{"line":6,"column":23},"end":{"line":6,"column":72}},"4":{"start":{"line":7,"column":24},"end":{"line":7,"column":77}},"5":{"start":{"line":8,"column":26},"end":{"line":8,"column":66}},"6":{"start":{"line":9,"column":23},"end":{"line":9,"column":72}},"7":{"start":{"line":10,"column":19},"end":{"line":14,"column":2}},"8":{"start":{"line":11,"column":57},"end":{"line":11,"column":130}},"9":{"start":{"line":12,"column":17},"end":{"line":12,"column":115}},"10":{"start":{"line":13,"column":4},"end":{"line":13,"column":60}},"11":{"start":{"line":15,"column":20},"end":{"line":19,"column":2}},"12":{"start":{"line":16,"column":29},"end":{"line":16,"column":103}},"13":{"start":{"line":17,"column":18},"end":{"line":17,"column":101}},"14":{"start":{"line":18,"column":4},"end":{"line":18,"column":61}},"15":{"start":{"line":20,"column":20},"end":{"line":23,"column":2}},"16":{"start":{"line":21,"column":17},"end":{"line":21,"column":85}},"17":{"start":{"line":22,"column":4},"end":{"line":22,"column":60}},"18":{"start":{"line":24,"column":19},"end":{"line":28,"column":2}},"19":{"start":{"line":25,"column":20},"end":{"line":25,"column":93}},"20":{"start":{"line":26,"column":17},"end":{"line":26,"column":93}},"21":{"start":{"line":27,"column":4},"end":{"line":27,"column":60}},"22":{"start":{"line":29,"column":19},"end":{"line":32,"column":2}},"23":{"start":{"line":30,"column":4},"end":{"line":30,"column":72}},"24":{"start":{"line":31,"column":4},"end":{"line":31,"column":92}},"25":{"start":{"line":33,"column":0},"end":{"line":39,"column":2}}},"fnMap":{"0":{"name":"(anonymous_0)","decl":{"start":{"line":2,"column":56},"end":{"line":2,"column":57}},"loc":{"start":{"line":2,"column":71},"end":{"line":4,"column":1}},"line":2},"1":{"name":"(anonymous_1)","decl":{"start":{"line":10,"column":47},"end":{"line":10,"column":48}},"loc":{"start":{"line":10,"column":67},"end":{"line":14,"column":1}},"line":10},"2":{"name":"(anonymous_2)","decl":{"start":{"line":15,"column":48},"end":{"line":15,"column":49}},"loc":{"start":{"line":15,"column":68},"end":{"line":19,"column":1}},"line":15},"3":{"name":"(anonymous_3)","decl":{"start":{"line":20,"column":48},"end":{"line":20,"column":49}},"loc":{"start":{"line":20,"column":68},"end":{"line":23,"column":1}},"line":20},"4":{"name":"(anonymous_4)","decl":{"start":{"line":24,"column":47},"end":{"line":24,"column":48}},"loc":{"start":{"line":24,"column":67},"end":{"line":28,"column":1}},"line":24},"5":{"name":"(anonymous_5)","decl":{"start":{"line":29,"column":47},"end":{"line":29,"column":48}},"loc":{"start":{"line":29,"column":67},"end":{"line":32,"column":1}},"line":29}},"branchMap":{"0":{"loc":{"start":{"line":2,"column":22},"end":{"line":4,"column":1}},"type":"binary-expr","locations":[{"start":{"line":2,"column":23},"end":{"line":2,"column":27}},{"start":{"line":2,"column":31},"end":{"line":2,"column":51}},{"start":{"line":2,"column":56},"end":{"line":4,"column":1}}],"line":2},"1":{"loc":{"start":{"line":3,"column":11},"end":{"line":3,"column":61}},"type":"cond-expr","locations":[{"start":{"line":3,"column":37},"end":{"line":3,"column":40}},{"start":{"line":3,"column":43},"end":{"line":3,"column":61}}],"line":3},"2":{"loc":{"start":{"line":3,"column":12},"end":{"line":3,"column":33}},"type":"binary-expr","locations":[{"start":{"line":3,"column":12},"end":{"line":3,"column":15}},{"start":{"line":3,"column":19},"end":{"line":3,"column":33}}],"line":3}},"s":{"0":1,"1":3,"2":1,"3":1,"4":1,"5":1,"6":1,"7":1,"8":4,"9":2,"10":2,"11":1,"12":3,"13":1,"14":1,"15":1,"16":2,"17":1,"18":1,"19":3,"20":2,"21":2,"22":1,"23":2,"24":1,"25":1},"f":{"0":3,"1":4,"2":3,"3":2,"4":3,"5":2},"b":{"0":[1,1,1],"1":[3,0],"2":[3,3]},"inputSourceMap":{"version":3,"file":"notes.controller.js","sourceRoot":"","sources":["../../../src/controllers/notes.controller.ts"],"names":[],"mappings":";;;;;AAEA,yEAAiD;AACjD,8EAAqD;AACrD,mEAAqG;AAErG,yEAAiD;AAMjD,MAAM,UAAU,GAAG,IAAA,sBAAY,EAAC,KAAK,EAAE,GAAkC,EAAE,GAAY,EAAE,EAAE;IACvF,MAAM,EAAC,KAAK,EAAC,OAAO,EAAC,QAAQ,EAAC,cAAc,EAAC,GAAG,IAAA,sBAAY,EAAC,kCAAgB,EAAE,GAAG,CAAC,IAAI,CAAC,CAAC;IAEzF,MAAM,IAAI,GAAG,MAAM,uBAAY,CAAC,UAAU,CAAC,GAAG,CAAC,MAAO,EAAE,KAAK,EAAE,OAAO,EAAE,EAAC,QAAQ,EAAC,cAAc,EAAC,CAAC,CAAC;IACnG,GAAG,CAAC,MAAM,CAAC,GAAG,CAAC,CAAC,IAAI,CAAC,EAAC,OAAO,EAAE,IAAI,EAAE,IAAI,EAAE,EAAC,IAAI,EAAC,EAAC,CAAC,CAAC;AACxD,CAAC,CAAC,CAAC;AAEH,MAAM,WAAW,GAAG,IAAA,sBAAY,EAAC,KAAK,EAAE,GAAW,EAAE,GAAY,EAAE,EAAE;IACjE,MAAM,EAAC,MAAM,EAAC,IAAI,EAAC,GAAG,IAAA,sBAAY,EAAC,kCAAgB,EAAE,GAAG,CAAC,KAAK,CAAC,CAAC;IAEjE,MAAM,KAAK,GAAG,MAAM,uBAAY,CAAC,WAAW,CAAC,GAAG,CAAC,MAAO,EAAE,EAAC,UAAU,EAAE,MAAM,EAAE,IAAI,EAAC,CAAC,CAAC;IAEtF,GAAG,CAAC,MAAM,CAAC,GAAG,CAAC,CAAC,IAAI,CAAC,EAAC,OAAO,EAAE,IAAI,EAAE,IAAI,EAAE,EAAC,KAAK,EAAC,EAAC,CAAC,CAAC;AAExD,CAAC,CAAC,CAAC;AAEH,MAAM,WAAW,GAAG,IAAA,sBAAY,EAAC,KAAK,EAAE,GAAuB,EAAE,GAAY,EAAE,EAAE;IAC9E,MAAM,IAAI,GAAG,MAAM,uBAAY,CAAC,WAAW,CAAC,GAAG,CAAC,MAAO,EAAE,GAAG,CAAC,MAAM,CAAC,EAAE,CAAC,CAAC;IAExE,GAAG,CAAC,MAAM,CAAC,GAAG,CAAC,CAAC,IAAI,CAAC,EAAC,OAAO,EAAE,IAAI,EAAE,IAAI,EAAE,EAAC,IAAI,EAAC,EAAC,CAAC,CAAC;AACvD,CAAC,CAAC,CAAC;AAEH,MAAM,UAAU,GAAG,IAAA,sBAAY,EAAC,KAAK,EAAE,GAA0C,EAAE,GAAY,EAAE,EAAE;IAC/F,MAAM,OAAO,GAAG,IAAA,sBAAY,EAAC,kCAAgB,EAAE,GAAG,CAAC,IAAI,CAAC,CAAC;IAEzD,MAAM,IAAI,GAAG,MAAM,uBAAY,CAAC,UAAU,CAAC,GAAG,CAAC,MAAO,EAAE,GAAG,CAAC,MAAM,CAAC,EAAE,EAAE,OAAO,CAAC,CAAC;IAEpF,GAAG,CAAC,MAAM,CAAC,GAAG,CAAC,CAAC,IAAI,CAAC,EAAC,OAAO,EAAE,IAAI,EAAE,IAAI,EAAE,EAAC,IAAI,EAAC,EAAC,CAAC,CAAC;AAEpD,CAAC,CAAC,CAAC;AAEH,MAAM,UAAU,GAAG,IAAA,sBAAY,EAAC,KAAK,EAAE,GAAuB,EAAE,GAAY,EAAE,EAAE;IAC5E,MAAM,uBAAY,CAAC,UAAU,CAAC,GAAG,CAAC,MAAO,EAAE,GAAG,CAAC,MAAM,CAAC,EAAE,CAAC,CAAC;IAE1D,GAAG,CAAC,MAAM,CAAC,GAAG,CAAC,CAAC,IAAI,CAAC,EAAC,OAAO,EAAE,IAAI,EAAE,IAAI,EAAE,EAAC,OAAO,EAAE,2BAA2B,EAAC,EAAC,CAAC,CAAC;AACxF,CAAC,CAAC,CAAA;AAEF,kBAAc;IACV,UAAU;IACV,WAAW;IACX,WAAW;IACX,UAAU;IACV,UAAU;CACb,CAAA"},"_coverageSchema":"1a1c01bbd47fc00a2c39e90264f33305004495a9","hash":"805134e54b2154de6934a3e6155bd76987afabdc"},"C:\\Users\\mubas\\Documents\\GitHub\\cohort-9-mern-16479-mubashir\\backend\\dist-test\\src\\services\\notes.service.js":{"path":"C:\\Users\\mubas\\Documents\\GitHub\\cohort-9-mern-16479-mubashir\\backend\\dist-test\\src\\services\\notes.service.js","statementMap":{"0":{"start":{"line":2,"column":22},"end":{"line":4,"column":1}},"1":{"start":{"line":3,"column":4},"end":{"line":3,"column":62}},"2":{"start":{"line":5,"column":0},"end":{"line":5,"column":62}},"3":{"start":{"line":6,"column":17},"end":{"line":6,"column":37}},"4":{"start":{"line":7,"column":17},"end":{"line":7,"column":60}},"5":{"start":{"line":8,"column":17},"end":{"line":8,"column":61}},"6":{"start":{"line":9,"column":19},"end":{"line":9,"column":38}},"7":{"start":{"line":11,"column":18},"end":{"line":11,"column":68}},"8":{"start":{"line":12,"column":19},"end":{"line":12,"column":21}},"9":{"start":{"line":13,"column":4},"end":{"line":20,"column":5}},"10":{"start":{"line":14,"column":23},"end":{"line":18,"column":51}},"11":{"start":{"line":19,"column":8},"end":{"line":19,"column":42}},"12":{"start":{"line":21,"column":25},"end":{"line":21,"column":80}},"13":{"start":{"line":21,"column":65},"end":{"line":21,"column":77}},"14":{"start":{"line":22,"column":4},"end":{"line":22,"column":37}},"15":{"start":{"line":25,"column":31},"end":{"line":25,"column":68}},"16":{"start":{"line":26,"column":4},"end":{"line":29,"column":6}},"17":{"start":{"line":32,"column":4},"end":{"line":40,"column":5}},"18":{"start":{"line":33,"column":21},"end":{"line":33,"column":175}},"19":{"start":{"line":34,"column":8},"end":{"line":34,"column":100}},"20":{"start":{"line":35,"column":8},"end":{"line":35,"column":20}},"21":{"start":{"line":38,"column":8},"end":{"line":38,"column":75}},"22":{"start":{"line":39,"column":8},"end":{"line":39,"column":87}},"23":{"start":{"line":43,"column":33},"end":{"line":43,"column":40}},"24":{"start":{"line":44,"column":17},"end":{"line":44,"column":27}},"25":{"start":{"line":45,"column":4},"end":{"line":56,"column":5}},"26":{"start":{"line":46,"column":23},"end":{"line":46,"column":50}},"27":{"start":{"line":47,"column":8},"end":{"line":55,"column":9}},"28":{"start":{"line":48,"column":12},"end":{"line":54,"column":14}},"29":{"start":{"line":50,"column":47},"end":{"line":53,"column":17}},"30":{"start":{"line":57,"column":21},"end":{"line":57,"column":40}},"31":{"start":{"line":58,"column":18},"end":{"line":58,"column":59}},"32":{"start":{"line":59,"column":4},"end":{"line":59,"column":17}},"33":{"start":{"line":62,"column":4},"end":{"line":64,"column":5}},"34":{"start":{"line":63,"column":8},"end":{"line":63,"column":78}},"35":{"start":{"line":65,"column":17},"end":{"line":65,"column":77}},"36":{"start":{"line":66,"column":4},"end":{"line":68,"column":5}},"37":{"start":{"line":67,"column":8},"end":{"line":67,"column":76}},"38":{"start":{"line":69,"column":4},"end":{"line":69,"column":16}},"39":{"start":{"line":72,"column":17},"end":{"line":72,"column":50}},"40":{"start":{"line":73,"column":4},"end":{"line":75,"column":5}},"41":{"start":{"line":74,"column":8},"end":{"line":74,"column":34}},"42":{"start":{"line":76,"column":4},"end":{"line":78,"column":5}},"43":{"start":{"line":77,"column":8},"end":{"line":77,"column":38}},"44":{"start":{"line":79,"column":4},"end":{"line":81,"column":5}},"45":{"start":{"line":80,"column":8},"end":{"line":80,"column":40}},"46":{"start":{"line":82,"column":4},"end":{"line":84,"column":5}},"47":{"start":{"line":83,"column":8},"end":{"line":83,"column":52}},"48":{"start":{"line":85,"column":4},"end":{"line":93,"column":5}},"49":{"start":{"line":86,"column":8},"end":{"line":86,"column":26}},"50":{"start":{"line":87,"column":8},"end":{"line":87,"column":79}},"51":{"start":{"line":88,"column":8},"end":{"line":88,"column":20}},"52":{"start":{"line":91,"column":8},"end":{"line":91,"column":83}},"53":{"start":{"line":92,"column":8},"end":{"line":92,"column":87}},"54":{"start":{"line":96,"column":17},"end":{"line":96,"column":50}},"55":{"start":{"line":97,"column":4},"end":{"line":104,"column":5}},"56":{"start":{"line":98,"column":8},"end":{"line":98,"column":31}},"57":{"start":{"line":99,"column":8},"end":{"line":99,"column":79}},"58":{"start":{"line":102,"column":8},"end":{"line":102,"column":83}},"59":{"start":{"line":103,"column":8},"end":{"line":103,"column":87}},"60":{"start":{"line":106,"column":0},"end":{"line":112,"column":2}}},"fnMap":{"0":{"name":"(anonymous_0)","decl":{"start":{"line":2,"column":56},"end":{"line":2,"column":57}},"loc":{"start":{"line":2,"column":71},"end":{"line":4,"column":1}},"line":2},"1":{"name":"tokenizedSearch","decl":{"start":{"line":10,"column":9},"end":{"line":10,"column":24}},"loc":{"start":{"line":10,"column":31},"end":{"line":23,"column":1}},"line":10},"2":{"name":"(anonymous_2)","decl":{"start":{"line":21,"column":58},"end":{"line":21,"column":59}},"loc":{"start":{"line":21,"column":65},"end":{"line":21,"column":77}},"line":21},"3":{"name":"buildSortPage","decl":{"start":{"line":24,"column":9},"end":{"line":24,"column":22}},"loc":{"start":{"line":24,"column":29},"end":{"line":30,"column":1}},"line":24},"4":{"name":"createNote","decl":{"start":{"line":31,"column":15},"end":{"line":31,"column":25}},"loc":{"start":{"line":31,"column":64},"end":{"line":41,"column":1}},"line":31},"5":{"name":"getAllNotes","decl":{"start":{"line":42,"column":15},"end":{"line":42,"column":26}},"loc":{"start":{"line":42,"column":49},"end":{"line":60,"column":1}},"line":42},"6":{"name":"(anonymous_6)","decl":{"start":{"line":50,"column":36},"end":{"line":50,"column":37}},"loc":{"start":{"line":50,"column":47},"end":{"line":53,"column":17}},"line":50},"7":{"name":"getNotebyId","decl":{"start":{"line":61,"column":15},"end":{"line":61,"column":26}},"loc":{"start":{"line":61,"column":43},"end":{"line":70,"column":1}},"line":61},"8":{"name":"updateNote","decl":{"start":{"line":71,"column":15},"end":{"line":71,"column":25}},"loc":{"start":{"line":71,"column":50},"end":{"line":94,"column":1}},"line":71},"9":{"name":"deleteNote","decl":{"start":{"line":95,"column":15},"end":{"line":95,"column":25}},"loc":{"start":{"line":95,"column":42},"end":{"line":105,"column":1}},"line":95}},"branchMap":{"0":{"loc":{"start":{"line":2,"column":22},"end":{"line":4,"column":1}},"type":"binary-expr","locations":[{"start":{"line":2,"column":23},"end":{"line":2,"column":27}},{"start":{"line":2,"column":31},"end":{"line":2,"column":51}},{"start":{"line":2,"column":56},"end":{"line":4,"column":1}}],"line":2},"1":{"loc":{"start":{"line":3,"column":11},"end":{"line":3,"column":61}},"type":"cond-expr","locations":[{"start":{"line":3,"column":37},"end":{"line":3,"column":40}},{"start":{"line":3,"column":43},"end":{"line":3,"column":61}}],"line":3},"2":{"loc":{"start":{"line":3,"column":12},"end":{"line":3,"column":33}},"type":"binary-expr","locations":[{"start":{"line":3,"column":12},"end":{"line":3,"column":15}},{"start":{"line":3,"column":19},"end":{"line":3,"column":33}}],"line":3},"3":{"loc":{"start":{"line":25,"column":32},"end":{"line":25,"column":56}},"type":"binary-expr","locations":[{"start":{"line":25,"column":32},"end":{"line":25,"column":36}},{"start":{"line":25,"column":40},"end":{"line":25,"column":56}}],"line":25},"4":{"loc":{"start":{"line":28,"column":17},"end":{"line":28,"column":45}},"type":"cond-expr","locations":[{"start":{"line":28,"column":39},"end":{"line":28,"column":40}},{"start":{"line":28,"column":43},"end":{"line":28,"column":45}}],"line":28},"5":{"loc":{"start":{"line":31,"column":50},"end":{"line":31,"column":62}},"type":"default-arg","locations":[{"start":{"line":31,"column":60},"end":{"line":31,"column":62}}],"line":31},"6":{"loc":{"start":{"line":33,"column":74},"end":{"line":33,"column":87}},"type":"binary-expr","locations":[{"start":{"line":33,"column":74},"end":{"line":33,"column":81}},{"start":{"line":33,"column":85},"end":{"line":33,"column":87}}],"line":33},"7":{"loc":{"start":{"line":33,"column":99},"end":{"line":33,"column":124}},"type":"binary-expr","locations":[{"start":{"line":33,"column":99},"end":{"line":33,"column":115}},{"start":{"line":33,"column":119},"end":{"line":33,"column":124}}],"line":33},"8":{"loc":{"start":{"line":33,"column":142},"end":{"line":33,"column":172}},"type":"binary-expr","locations":[{"start":{"line":33,"column":142},"end":{"line":33,"column":164}},{"start":{"line":33,"column":168},"end":{"line":33,"column":172}}],"line":33},"9":{"loc":{"start":{"line":42,"column":35},"end":{"line":42,"column":47}},"type":"default-arg","locations":[{"start":{"line":42,"column":45},"end":{"line":42,"column":47}}],"line":42},"10":{"loc":{"start":{"line":45,"column":4},"end":{"line":56,"column":5}},"type":"if","locations":[{"start":{"line":45,"column":4},"end":{"line":56,"column":5}},{"start":{},"end":{}}],"line":45},"11":{"loc":{"start":{"line":47,"column":8},"end":{"line":55,"column":9}},"type":"if","locations":[{"start":{"line":47,"column":8},"end":{"line":55,"column":9}},{"start":{},"end":{}}],"line":47},"12":{"loc":{"start":{"line":62,"column":4},"end":{"line":64,"column":5}},"type":"if","locations":[{"start":{"line":62,"column":4},"end":{"line":64,"column":5}},{"start":{},"end":{}}],"line":62},"13":{"loc":{"start":{"line":66,"column":4},"end":{"line":68,"column":5}},"type":"if","locations":[{"start":{"line":66,"column":4},"end":{"line":68,"column":5}},{"start":{},"end":{}}],"line":66},"14":{"loc":{"start":{"line":73,"column":4},"end":{"line":75,"column":5}},"type":"if","locations":[{"start":{"line":73,"column":4},"end":{"line":75,"column":5}},{"start":{},"end":{}}],"line":73},"15":{"loc":{"start":{"line":76,"column":4},"end":{"line":78,"column":5}},"type":"if","locations":[{"start":{"line":76,"column":4},"end":{"line":78,"column":5}},{"start":{},"end":{}}],"line":76},"16":{"loc":{"start":{"line":79,"column":4},"end":{"line":81,"column":5}},"type":"if","locations":[{"start":{"line":79,"column":4},"end":{"line":81,"column":5}},{"start":{},"end":{}}],"line":79},"17":{"loc":{"start":{"line":82,"column":4},"end":{"line":84,"column":5}},"type":"if","locations":[{"start":{"line":82,"column":4},"end":{"line":84,"column":5}},{"start":{},"end":{}}],"line":82}},"s":{"0":1,"1":2,"2":1,"3":1,"4":1,"5":1,"6":1,"7":1,"8":1,"9":1,"10":1,"11":1,"12":1,"13":2,"14":1,"15":3,"16":3,"17":2,"18":2,"19":1,"20":1,"21":1,"22":1,"23":3,"24":3,"25":3,"26":1,"27":1,"28":1,"29":2,"30":3,"31":3,"32":3,"33":9,"34":1,"35":8,"36":8,"37":3,"38":5,"39":3,"40":2,"41":2,"42":2,"43":0,"44":2,"45":0,"46":2,"47":0,"48":2,"49":2,"50":1,"51":1,"52":1,"53":1,"54":3,"55":2,"56":2,"57":1,"58":1,"59":1,"60":1},"f":{"0":2,"1":1,"2":2,"3":3,"4":2,"5":3,"6":2,"7":9,"8":3,"9":3},"b":{"0":[1,1,1],"1":[2,0],"2":[2,2],"3":[3,2],"4":[1,2],"5":[2],"6":[2,1],"7":[2,2],"8":[2,2],"9":[0],"10":[1,2],"11":[1,0],"12":[1,8],"13":[3,5],"14":[2,0],"15":[0,2],"16":[0,2],"17":[0,2]},"inputSourceMap":{"version":3,"file":"notes.service.js","sourceRoot":"","sources":["../../../src/services/notes.service.ts"],"names":[],"mappings":";;;;;AAAA,sCAAgC;AAGhC,6DAAuC;AACvC,8DAAsC;AACtC,uCAAiC;AAGjC,SAAS,eAAe,CAAC,IAAW;IAChC,MAAM,KAAK,GAAG,IAAI,CAAC,IAAI,EAAE,CAAC,KAAK,CAAC,eAAe,CAAC,CAAC,MAAM,CAAC,OAAO,CAAC,CAAC;IACjE,MAAM,MAAM,GAAa,EAAE,CAAC;IAE5B,KAAK,MAAM,IAAI,IAAI,KAAK,EAAE,CAAC;QACvB,MAAM,MAAM,GAAG,IAAI;aACd,OAAO,CAAC,iBAAiB,EAAE,OAAO,CAAC;aACnC,OAAO,CAAC,uBAAuB,EAAE,OAAO,CAAC;aACzC,OAAO,CAAC,oBAAoB,EAAE,OAAO,CAAC;aACtC,OAAO,CAAC,oBAAoB,EAAE,OAAO,CAAC,CAAC;QAE5C,MAAM,CAAC,IAAI,CAAC,GAAG,MAAM,CAAC,KAAK,CAAC,GAAG,CAAC,CAAC,CAAC;IACtC,CAAC;IACD,MAAM,YAAY,GAAG,KAAK,CAAC,IAAI,CAAC,IAAI,GAAG,CAAC,MAAM,CAAC,MAAM,CAAC,CAAC,CAAC,EAAE,EAAE,CAAC,CAAC,CAAC,MAAM,GAAG,CAAC,CAAC,CAAC,CAAC,CAAC;IAC7E,OAAO,YAAY,CAAC,KAAK,CAAC,CAAC,EAAE,EAAE,CAAC,CAAC;AACrC,CAAC;AAGD,SAAS,aAAa,CAAC,IAAkB;IACrC,MAAM,CAAC,KAAK,EAAE,SAAS,CAAC,GAAG,CAAC,IAAI,IAAI,gBAAgB,CAAC,CAAC,KAAK,CAAC,GAAG,CAAC,CAAC;IACnE,OAAO;QACL,QAAQ,EAAE,CAAC,CAAC;QACZ,CAAC,KAAK,CAAC,EAAE,SAAS,KAAK,KAAK,CAAC,CAAC,CAAC,CAAC,CAAC,CAAC,CAAC,CAAC,CAAC;KACtC,CAAC;AACJ,CAAC;AASD,KAAK,UAAU,UAAU,CAAC,MAAc,EAAE,KAAa,EAAE,OAAgB,EAAE,UAA6B,EAAE;IACtG,IAAG,CAAC;QAEA,MAAM,IAAI,GAAG,MAAM,aAAI,CAAC,MAAM,CAAC,EAAE,MAAM,EAAE,KAAK,EAAE,OAAO,EAAE,OAAO,IAAI,EAAE,EAAE,QAAQ,EAAE,OAAO,CAAC,QAAQ,IAAI,KAAK,EAAE,cAAc,EAAE,OAAO,CAAC,cAAc,IAAI,IAAI,EAAE,CAAC,CAAC;QAE/J,gBAAM,CAAC,IAAI,CAAC,EAAC,MAAM,EAAC,MAAM,EAAE,IAAI,CAAC,GAAG,CAAC,QAAQ,EAAE,EAAC,EAAC,2BAA2B,CAAC,CAAC;QAC9E,OAAO,IAAI,CAAC;IAChB,CAAC;IAAA,OAAM,KAAK,EAAC,CAAC;QACV,gBAAM,CAAC,KAAK,CAAC,EAAC,KAAK,EAAC,MAAM,EAAC,EAAC,uBAAuB,CAAC,CAAC;QACrD,MAAM,IAAI,gBAAQ,CAAC,uBAAuB,EAAC,GAAG,EAAC,oBAAoB,CAAC,CAAC;IAEzE,CAAC;AACL,CAAC;AAQD,KAAK,UAAU,WAAW,CAAC,MAAc,EAAE,UAA8B,EAAE;IACvE,MAAM,EAAC,UAAU,EAAE,IAAI,EAAC,GAAG,OAAO,CAAC;IACnC,IAAI,MAAM,GAA4B,EAAC,MAAM,EAAC,CAAC;IAG/C,IAAG,UAAU,EAAC,CAAC;QACX,MAAM,MAAM,GAAG,eAAe,CAAC,UAAU,CAAC,CAAC;QAE3C,IAAI,MAAM,CAAC,MAAM,GAAG,CAAC,EAAC,CAAC;YACnB,MAAM,GAAG;gBACL,GAAG,MAAM;gBACT,GAAG,EAAE,MAAM,CAAC,OAAO,CAAC,CAAC,KAAK,EAAE,EAAE,CAAC;oBAC3B,EAAC,KAAK,EAAE,EAAC,MAAM,EAAE,KAAK,EAAE,QAAQ,EAAE,GAAG,EAAC,EAAC;oBACvC,EAAC,OAAO,EAAE,EAAC,MAAM,EAAE,KAAK,EAAE,QAAQ,EAAE,GAAG,EAAC,EAAC;iBAC5C,CAAC;aACL,CAAA;QACL,CAAC;IACL,CAAC;IAED,MAAM,QAAQ,GAAG,aAAa,CAAC,IAAI,CAAC,CAAA;IACpC,MAAM,KAAK,GAAG,aAAI,CAAC,IAAI,CAAC,MAAM,CAAC,CAAC,IAAI,CAAC,QAAQ,CAAC,CAAC;IAC/C,OAAO,KAAK,CAAC;AACjB,CAAC;AAED,KAAK,UAAU,WAAW,CAAC,MAAa,EAAE,MAAa;IAEnD,IAAI,CAAC,gBAAK,CAAC,QAAQ,CAAC,OAAO,CAAC,MAAM,CAAC,EAAE,CAAC;QAClC,MAAM,IAAI,gBAAQ,CAAC,iBAAiB,EAAE,GAAG,EAAE,iBAAiB,CAAC,CAAC;IAClE,CAAC;IAED,MAAM,IAAI,GAAG,MAAM,aAAI,CAAC,OAAO,CAAC,EAAC,GAAG,EAAE,MAAM,EAAE,MAAM,EAAE,MAAM,EAAC,CAAC,CAAA;IAE9D,IAAI,CAAC,IAAI,EAAE,CAAC;QACR,MAAM,IAAI,gBAAQ,CAAC,gBAAgB,EAAE,GAAG,EAAE,gBAAgB,CAAC,CAAC;IAChE,CAAC;IACD,OAAO,IAAI,CAAC;AAChB,CAAC;AAUD,KAAK,UAAU,UAAU,CAAC,MAAa,EAAE,MAAa,EAAE,MAAkB;IAGtE,MAAM,IAAI,GAAG,MAAM,WAAW,CAAC,MAAM,EAAE,MAAM,CAAC,CAAC;IAE/C,IAAG,MAAM,CAAC,KAAK,KAAK,SAAS,EAAE,CAAC;QAC5B,IAAI,CAAC,KAAK,GAAG,MAAM,CAAC,KAAK,CAAC;IAC9B,CAAC;IACD,IAAG,MAAM,CAAC,OAAO,KAAK,SAAS,EAAC,CAAC;QAC7B,IAAI,CAAC,OAAO,GAAG,MAAM,CAAC,OAAO,CAAC;IAClC,CAAC;IACD,IAAG,MAAM,CAAC,QAAQ,KAAK,SAAS,EAAC,CAAC;QAC9B,IAAI,CAAC,QAAQ,GAAG,MAAM,CAAC,QAAQ,CAAC;IACpC,CAAC;IACD,IAAG,MAAM,CAAC,cAAc,KAAK,SAAS,EAAC,CAAC;QACpC,IAAI,CAAC,cAAc,GAAG,MAAM,CAAC,cAAc,CAAC;IAChD,CAAC;IAED,IAAG,CAAC;QACJ,MAAM,IAAI,CAAC,IAAI,EAAE,CAAC;QAClB,gBAAM,CAAC,IAAI,CAAC,EAAC,MAAM,EAAC,MAAM,EAAC,EAAC,2BAA2B,CAAC,CAAC;QACzD,OAAO,IAAI,CAAC;IAChB,CAAC;IAAA,OAAM,KAAK,EAAC,CAAC;QACV,gBAAM,CAAC,KAAK,CAAC,EAAC,KAAK,EAAC,MAAM,EAAC,MAAM,EAAC,EAAC,uBAAuB,CAAC,CAAC;QAC5D,MAAM,IAAI,gBAAQ,CAAC,uBAAuB,EAAC,GAAG,EAAC,oBAAoB,CAAC,CAAC;IAEzE,CAAC;AACD,CAAC;AAGD,KAAK,UAAU,UAAU,CAAC,MAAa,EAAC,MAAa;IAGjD,MAAM,IAAI,GAAG,MAAM,WAAW,CAAC,MAAM,EAAE,MAAM,CAAC,CAAC;IAE/C,IAAG,CAAC;QACA,MAAM,IAAI,CAAC,SAAS,EAAE,CAAC;QACvB,gBAAM,CAAC,IAAI,CAAC,EAAC,MAAM,EAAC,MAAM,EAAC,EAAC,2BAA2B,CAAC,CAAC;IAC5D,CAAC;IAAA,OAAM,KAAK,EAAC,CAAC;QACX,gBAAM,CAAC,KAAK,CAAC,EAAC,KAAK,EAAC,MAAM,EAAC,MAAM,EAAC,EAAC,uBAAuB,CAAC,CAAC;QAC5D,MAAM,IAAI,gBAAQ,CAAC,uBAAuB,EAAC,GAAG,EAAC,oBAAoB,CAAC,CAAC;IAEzE,CAAC;AACL,CAAC;AAED,kBAAe;IACX,UAAU;IACV,WAAW;IACX,WAAW;IACX,UAAU;IACV,UAAU;CACb,CAAA"},"_coverageSchema":"1a1c01bbd47fc00a2c39e90264f33305004495a9","hash":"f2d7d72630dbc7632f4d356800512bcbd025f64f"},"C:\\Users\\mubas\\Documents\\GitHub\\cohort-9-mern-16479-mubashir\\backend\\dist-test\\src\\validators\\notes.validator.js":{"path":"C:\\Users\\mubas\\Documents\\GitHub\\cohort-9-mern-16479-mubashir\\backend\\dist-test\\src\\validators\\notes.validator.js","statementMap":{"0":{"start":{"line":2,"column":0},"end":{"line":2,"column":62}},"1":{"start":{"line":3,"column":0},"end":{"line":3,"column":115}},"2":{"start":{"line":4,"column":14},"end":{"line":4,"column":28}},"3":{"start":{"line":5,"column":23},"end":{"line":5,"column":94}},"4":{"start":{"line":6,"column":0},"end":{"line":11,"column":3}},"5":{"start":{"line":12,"column":0},"end":{"line":17,"column":215}},"6":{"start":{"line":17,"column":20},"end":{"line":17,"column":142}},"7":{"start":{"line":18,"column":0},"end":{"line":25,"column":3}},"8":{"start":{"line":26,"column":0},"end":{"line":29,"column":3}}},"fnMap":{"0":{"name":"(anonymous_0)","decl":{"start":{"line":17,"column":10},"end":{"line":17,"column":11}},"loc":{"start":{"line":17,"column":20},"end":{"line":17,"column":142}},"line":17}},"branchMap":{"0":{"loc":{"start":{"line":17,"column":20},"end":{"line":17,"column":142}},"type":"binary-expr","locations":[{"start":{"line":17,"column":20},"end":{"line":17,"column":44}},{"start":{"line":17,"column":48},"end":{"line":17,"column":74}},{"start":{"line":17,"column":78},"end":{"line":17,"column":105}},{"start":{"line":17,"column":109},"end":{"line":17,"column":142}}],"line":17}},"s":{"0":1,"1":1,"2":1,"3":1,"4":1,"5":1,"6":3,"7":1,"8":1},"f":{"0":3},"b":{"0":[3,3,3,2]},"inputSourceMap":{"version":3,"file":"notes.validator.js","sourceRoot":"","sources":["../../../src/validators/notes.validator.ts"],"names":[],"mappings":";;;AAAA,6BAAsB;AAEtB,MAAM,cAAc,GAAG,OAAC,CAAC,MAAM,EAAE,CAAC,KAAK,CAAC,qBAAqB,EAAE,wBAAwB,CAAC,CAAC;AAE5E,QAAA,gBAAgB,GAAG,OAAC,CAAC,MAAM,CAAC;IACrC,KAAK,EAAE,OAAC,CAAC,MAAM,EAAE,CAAC,IAAI,EAAE,CAAC,GAAG,CAAC,CAAC,EAAE,mBAAmB,CAAC;IACpD,OAAO,EAAE,OAAC,CAAC,MAAM,EAAE,CAAC,IAAI,EAAE,CAAC,QAAQ,EAAE;IACrC,QAAQ,EAAE,OAAC,CAAC,OAAO,EAAE,CAAC,QAAQ,EAAE;IAChC,cAAc,EAAE,cAAc,CAAC,QAAQ,EAAE,CAAC,QAAQ,EAAE;CACvD,CAAC,CAAC;AAEU,QAAA,gBAAgB,GAAG,OAAC,CAAC,MAAM,CAAC;IACrC,KAAK,EAAE,OAAC,CAAC,MAAM,EAAE,CAAC,IAAI,EAAE,CAAC,GAAG,CAAC,CAAC,EAAE,mBAAmB,CAAC,CAAC,QAAQ,EAAE;IAC/D,OAAO,EAAE,OAAC,CAAC,MAAM,EAAE,CAAC,IAAI,EAAE,CAAC,QAAQ,EAAE;IACrC,QAAQ,EAAE,OAAC,CAAC,OAAO,EAAE,CAAC,QAAQ,EAAE;IAChC,cAAc,EAAE,cAAc,CAAC,QAAQ,EAAE,CAAC,QAAQ,EAAE;CACvD,CAAC,CAAC,MAAM,CAAC,CAAC,IAAI,EAAC,EAAE,CAAA,IAAI,CAAC,KAAK,KAAG,SAAS,IAAI,IAAI,CAAC,OAAO,KAAK,SAAS,IAAI,IAAI,CAAC,QAAQ,KAAK,SAAS,IAAI,IAAI,CAAC,cAAc,KAAK,SAAS,EAC1I,EAAC,OAAO,EAAE,wDAAwD,EAAC,CAAC,CAAC;AAGxD,QAAA,gBAAgB,GAAG,OAAC,CAAC,IAAI,CAAC;IACnC,gBAAgB;IAChB,eAAe;IACf,WAAW;IACX,YAAY;IACZ,gBAAgB;IAChB,eAAe;CAClB,CAAC,CAAC;AAEU,QAAA,gBAAgB,GAAG,OAAC,CAAC,MAAM,CAAC;IACrC,MAAM,EAAG,OAAC,CAAC,MAAM,EAAE,CAAC,IAAI,EAAE,CAAC,GAAG,CAAC,GAAG,EAAE,wCAAwC,CAAC,CAAC,QAAQ,EAAE;IACxF,IAAI,EAAE,wBAAgB,CAAC,QAAQ,EAAE;CACpC,CAAC,CAAC"},"_coverageSchema":"1a1c01bbd47fc00a2c39e90264f33305004495a9","hash":"f740a73042c99f5051b9238c399c7f8a39a2b4d3"}}